# JRE version: OpenJDK Runtime Environment Temurin-17.0.11+9 (17.0.11+9) (build 17.0.11+9)
# Java VM: OpenJDK 64-Bit Server VM Temurin-17.0.11+9 (17.0.11+9, mixed mode, emulated-client, tiered, compressed oops, compressed class ptrs, g1 gc, windows-amd64)
GC Precious Log:
 CPUs: 4 total, 4 available
 Memory: 3902M
 Large Page Support: Disabled
 NUMA Support: Disabled
 Compressed Oops: Enabled (32-bit)
 Heap Region Size: 1M
 Heap Min Capacity: 8M
 Heap Initial Capacity: 62M
 Heap Max Capacity: 1G
 Pre-touch: Disabled
 Parallel Workers: 4
 Concurrent Workers: 1
 Concurrent Refinement Workers: 4
 Periodic GC: Disabled
Heap:
 garbage-first heap   total 63488K, used 25257K [0x00000000c0000000, 0x0000000100000000)
  region size 1024K, 1 young (1024K), 0 survivors (0K)
 Metaspace       used 40411K, committed 40768K, reserved 1114112K
  class space    used 5384K, committed 5568K, reserved 1048576K
GC Heap History (20 events):
Event: 9400.567 GC heap before
{Heap before GC invocations=332 (full 296):
 garbage-first heap   total 63488K, used 25257K [0x00000000c0000000, 0x0000000100000000)
  region size 1024K, 1 young (1024K), 0 survivors (0K)
 Metaspace       used 40411K, committed 40768K, reserved 1114112K
  class space    used 5384K, committed 5568K, reserved 1048576K
}
Event: 9400.910 GC heap after
{Heap after GC invocations=333 (full 297):
 garbage-first heap   total 63488K, used 25257K [0x00000000c0000000, 0x0000000100000000)
  region size 1024K, 0 young (0K), 0 survivors (0K)
 Metaspace       used 40411K, committed 40768K, reserved 1114112K
  class space    used 5384K, committed 5568K, reserved 1048576K
}
Event: 9413.435 GC heap before
{Heap before GC invocations=333 (full 297):
 garbage-first heap   total 63488K, used 25257K [0x00000000c0000000, 0x0000000100000000)
  region size 1024K, 1 young (1024K), 0 survivors (0K)
 Metaspace       used 40411K, committed 40768K, reserved 1114112K
  class space    used 5384K, committed 5568K, reserved 1048576K
}
Event: 9413.668 GC heap after
{Heap after GC invocations=334 (full 298):
 garbage-first heap   total 63488K, used 25257K [0x00000000c0000000, 0x0000000100000000)
  region size 1024K, 0 young (0K), 0 survivors (0K)
 Metaspace       used 40411K, committed 40768K, reserved 1114112K
  class space    used 5384K, committed 5568K, reserved 1048576K
}
Event: 9423.986 GC heap before
{Heap before GC invocations=334 (full 298):
 garbage-first heap   total 63488K, used 25257K [0x00000000c0000000, 0x0000000100000000)
  region size 1024K, 1 young (1024K), 0 survivors (0K)
 Metaspace       used 40411K, committed 40768K, reserved 1114112K
  class space    used 5384K, committed 5568K, reserved 1048576K
}
Event: 9424.133 GC heap after
{Heap after GC invocations=335 (full 299):
 garbage-first heap   total 63488K, used 25257K [0x00000000c0000000, 0x0000000100000000)
  region size 1024K, 0 young (0K), 0 survivors (0K)
 Metaspace       used 40411K, committed 40768K, reserved 1114112K
  class space    used 5384K, committed 5568K, reserved 1048576K
}
Event: 9434.643 GC heap before
{Heap before GC invocations=335 (full 299):
 garbage-first heap   total 63488K, used 25257K [0x00000000c0000000, 0x0000000100000000)
  region size 1024K, 1 young (1024K), 0 survivors (0K)
 Metaspace       used 40411K, committed 40768K, reserved 1114112K
  class space    used 5384K, committed 5568K, reserved 1048576K
}
Event: 9434.841 GC heap after
{Heap after GC invocations=336 (full 300):
 garbage-first heap   total 63488K, used 25257K [0x00000000c0000000, 0x0000000100000000)
  region size 1024K, 0 young (0K), 0 survivors (0K)
 Metaspace       used 40411K, committed 40768K, reserved 1114112K
  class space    used 5384K, committed 5568K, reserved 1048576K
}
Event: 9445.052 GC heap before
{Heap before GC invocations=336 (full 300):
 garbage-first heap   total 63488K, used 25257K [0x00000000c0000000, 0x0000000100000000)
  region size 1024K, 1 young (1024K), 0 survivors (0K)
 Metaspace       used 40411K, committed 40768K, reserved 1114112K
  class space    used 5384K, committed 5568K, reserved 1048576K
}
Event: 9445.079 GC heap after
{Heap after GC invocations=337 (full 301):
 garbage-first heap   total 63488K, used 25257K [0x00000000c0000000, 0x0000000100000000)
  region size 1024K, 0 young (0K), 0 survivors (0K)
 Metaspace       used 40411K, committed 40768K, reserved 1114112K
  class space    used 5384K, committed 5568K, reserved 1048576K
}
Event: 9455.434 GC heap before
{Heap before GC invocations=337 (full 301):
 garbage-first heap   total 63488K, used 25257K [0x00000000c0000000, 0x0000000100000000)
  region size 1024K, 1 young (1024K), 0 survivors (0K)
 Metaspace       used 40411K, committed 40768K, reserved 1114112K
  class space    used 5384K, committed 5568K, reserved 1048576K
}
Event: 9455.470 GC heap after
{Heap after GC invocations=338 (full 302):
 garbage-first heap   total 63488K, used 25257K [0x00000000c0000000, 0x0000000100000000)
  region size 1024K, 0 young (0K), 0 survivors (0K)
 Metaspace       used 40411K, committed 40768K, reserved 1114112K
  class space    used 5384K, committed 5568K, reserved 1048576K
}
Event: 9465.890 GC heap before
{Heap before GC invocations=338 (full 302):
 garbage-first heap   total 63488K, used 25257K [0x00000000c0000000, 0x0000000100000000)
  region size 1024K, 1 young (1024K), 0 survivors (0K)
 Metaspace       used 40411K, committed 40768K, reserved 1114112K
  class space    used 5384K, committed 5568K, reserved 1048576K
}
Event: 9466.080 GC heap after
{Heap after GC invocations=339 (full 303):
 garbage-first heap   total 63488K, used 25257K [0x00000000c0000000, 0x0000000100000000)
  region size 1024K, 0 young (0K), 0 survivors (0K)
 Metaspace       used 40411K, committed 40768K, reserved 1114112K
  class space    used 5384K, committed 5568K, reserved 1048576K
}
Event: 9476.432 GC heap before
{Heap before GC invocations=339 (full 303):
 garbage-first heap   total 63488K, used 25257K [0x00000000c0000000, 0x0000000100000000)
  region size 1024K, 1 young (1024K), 0 survivors (0K)
 Metaspace       used 40411K, committed 40768K, reserved 1114112K
  class space    used 5384K, committed 5568K, reserved 1048576K
}
Event: 9476.468 GC heap after
{Heap after GC invocations=340 (full 304):
 garbage-first heap   total 63488K, used 25257K [0x00000000c0000000, 0x0000000100000000)
  region size 1024K, 0 young (0K), 0 survivors (0K)
 Metaspace       used 40411K, committed 40768K, reserved 1114112K
  class space    used 5384K, committed 5568K, reserved 1048576K
}
Event: 9488.329 GC heap before
{Heap before GC invocations=340 (full 304):
 garbage-first heap   total 63488K, used 25257K [0x00000000c0000000, 0x0000000100000000)
  region size 1024K, 1 young (1024K), 0 survivors (0K)
 Metaspace       used 40411K, committed 40768K, reserved 1114112K
  class space    used 5384K, committed 5568K, reserved 1048576K
}
Event: 9488.361 GC heap after
{Heap after GC invocations=341 (full 305):
 garbage-first heap   total 63488K, used 25257K [0x00000000c0000000, 0x0000000100000000)
  region size 1024K, 0 young (0K), 0 survivors (0K)
 Metaspace       used 40411K, committed 40768K, reserved 1114112K
  class space    used 5384K, committed 5568K, reserved 1048576K
}
Event: 9499.091 GC heap before
{Heap before GC invocations=341 (full 305):
 garbage-first heap   total 63488K, used 25257K [0x00000000c0000000, 0x0000000100000000)
  region size 1024K, 1 young (1024K), 0 survivors (0K)
 Metaspace       used 40411K, committed 40768K, reserved 1114112K
  class space    used 5384K, committed 5568K, reserved 1048576K
}
Event: 9499.130 GC heap after
{Heap after GC invocations=342 (full 306):
 garbage-first heap   total 63488K, used 25257K [0x00000000c0000000, 0x0000000100000000)
  region size 1024K, 0 young (0K), 0 survivors (0K)
 Metaspace       used 40411K, committed 40768K, reserved 1114112K
  class space    used 5384K, committed 5568K, reserved 1048576K
}

