# JRE version: OpenJDK Runtime Environment Temurin-17.0.11+9 (17.0.11+9) (build 17.0.11+9)
# Java VM: OpenJDK 64-Bit Server VM Temurin-17.0.11+9 (17.0.11+9, mixed mode, tiered, compressed oops, compressed class ptrs, parallel gc, windows-amd64)
GC Precious Log:
 CPUs: 4 total, 4 available
 Memory: 3902M
 Large Page Support: Disabled
 NUMA Support: Disabled
 Compressed Oops: Enabled (32-bit)
 Alignments: Space 512K, Generation 512K, Heap 2M
 Heap Min Capacity: 100M
 Heap Initial Capacity: 100M
 Heap Max Capacity: 1G
 Pre-touch: Disabled
 Parallel Workers: 4
Heap:
 PSYoungGen      total 21504K, used 15551K [0x00000000eab00000, 0x00000000ec300000, 0x0000000100000000)
  eden space 20992K, 71% used [0x00000000eab00000,0x00000000eb9b3df8,0x00000000ebf80000)
  from space 512K, 96% used [0x00000000ec280000,0x00000000ec2fc120,0x00000000ec300000)
  to   space 1536K, 0% used [0x00000000ec100000,0x00000000ec100000,0x00000000ec280000)
 ParOldGen       total 68608K, used 34371K [0x00000000c0000000, 0x00000000c4300000, 0x00000000eab00000)
  object space 68608K, 50% used [0x00000000c0000000,0x00000000c2190f38,0x00000000c4300000)
 Metaspace       used 56622K, committed 57728K, reserved 1114112K
  class space    used 6067K, committed 6528K, reserved 1048576K
GC Heap History (20 events):
Event: 14.598 GC heap before
{Heap before GC invocations=17 (full 2):
 PSYoungGen      total 23040K, used 23033K [0x00000000eab00000, 0x00000000ec580000, 0x0000000100000000)
  eden space 22016K, 100% used [0x00000000eab00000,0x00000000ec080000,0x00000000ec080000)
  from space 1024K, 99% used [0x00000000ec400000,0x00000000ec4fe6f8,0x00000000ec500000)
  to   space 2560K, 0% used [0x00000000ec080000,0x00000000ec080000,0x00000000ec300000)
 ParOldGen       total 68608K, used 17737K [0x00000000c0000000, 0x00000000c4300000, 0x00000000eab00000)
  object space 68608K, 25% used [0x00000000c0000000,0x00000000c1152600,0x00000000c4300000)
 Metaspace       used 44866K, committed 45824K, reserved 1114112K
  class space    used 4644K, committed 5056K, reserved 1048576K
}
Event: 14.602 GC heap after
{Heap after GC invocations=17 (full 2):
 PSYoungGen      total 24576K, used 1104K [0x00000000eab00000, 0x00000000ec480000, 0x0000000100000000)
  eden space 22016K, 0% used [0x00000000eab00000,0x00000000eab00000,0x00000000ec080000)
  from space 2560K, 43% used [0x00000000ec080000,0x00000000ec194010,0x00000000ec300000)
  to   space 1536K, 0% used [0x00000000ec300000,0x00000000ec300000,0x00000000ec480000)
 ParOldGen       total 68608K, used 18717K [0x00000000c0000000, 0x00000000c4300000, 0x00000000eab00000)
  object space 68608K, 27% used [0x00000000c0000000,0x00000000c1247790,0x00000000c4300000)
 Metaspace       used 44866K, committed 45824K, reserved 1114112K
  class space    used 4644K, committed 5056K, reserved 1048576K
}
Event: 14.911 GC heap before
{Heap before GC invocations=18 (full 2):
 PSYoungGen      total 24576K, used 23120K [0x00000000eab00000, 0x00000000ec480000, 0x0000000100000000)
  eden space 22016K, 100% used [0x00000000eab00000,0x00000000ec080000,0x00000000ec080000)
  from space 2560K, 43% used [0x00000000ec080000,0x00000000ec194010,0x00000000ec300000)
  to   space 1536K, 0% used [0x00000000ec300000,0x00000000ec300000,0x00000000ec480000)
 ParOldGen       total 68608K, used 18717K [0x00000000c0000000, 0x00000000c4300000, 0x00000000eab00000)
  object space 68608K, 27% used [0x00000000c0000000,0x00000000c1247790,0x00000000c4300000)
 Metaspace       used 45875K, committed 46848K, reserved 1114112K
  class space    used 4785K, committed 5248K, reserved 1048576K
}
Event: 14.914 GC heap after
{Heap after GC invocations=18 (full 2):
 PSYoungGen      total 22528K, used 1509K [0x00000000eab00000, 0x00000000ec780000, 0x0000000100000000)
  eden space 20992K, 0% used [0x00000000eab00000,0x00000000eab00000,0x00000000ebf80000)
  from space 1536K, 98% used [0x00000000ec300000,0x00000000ec479710,0x00000000ec480000)
  to   space 3584K, 0% used [0x00000000ebf80000,0x00000000ebf80000,0x00000000ec300000)
 ParOldGen       total 68608K, used 20045K [0x00000000c0000000, 0x00000000c4300000, 0x00000000eab00000)
  object space 68608K, 29% used [0x00000000c0000000,0x00000000c1393488,0x00000000c4300000)
 Metaspace       used 45875K, committed 46848K, reserved 1114112K
  class space    used 4785K, committed 5248K, reserved 1048576K
}
Event: 15.186 GC heap before
{Heap before GC invocations=19 (full 2):
 PSYoungGen      total 22528K, used 22501K [0x00000000eab00000, 0x00000000ec780000, 0x0000000100000000)
  eden space 20992K, 100% used [0x00000000eab00000,0x00000000ebf80000,0x00000000ebf80000)
  from space 1536K, 98% used [0x00000000ec300000,0x00000000ec479710,0x00000000ec480000)
  to   space 3584K, 0% used [0x00000000ebf80000,0x00000000ebf80000,0x00000000ec300000)
 ParOldGen       total 68608K, used 20045K [0x00000000c0000000, 0x00000000c4300000, 0x00000000eab00000)
  object space 68608K, 29% used [0x00000000c0000000,0x00000000c1393488,0x00000000c4300000)
 Metaspace       used 46676K, committed 47680K, reserved 1114112K
  class space    used 4882K, committed 5312K, reserved 1048576K
}
Event: 15.189 GC heap after
{Heap after GC invocations=19 (full 2):
 PSYoungGen      total 23040K, used 1696K [0x00000000eab00000, 0x00000000ec480000, 0x0000000100000000)
  eden space 20992K, 0% used [0x00000000eab00000,0x00000000eab00000,0x00000000ebf80000)
  from space 2048K, 82% used [0x00000000ebf80000,0x00000000ec128000,0x00000000ec180000)
  to   space 2560K, 0% used [0x00000000ec200000,0x00000000ec200000,0x00000000ec480000)
 ParOldGen       total 68608K, used 21493K [0x00000000c0000000, 0x00000000c4300000, 0x00000000eab00000)
  object space 68608K, 31% used [0x00000000c0000000,0x00000000c14fd4a8,0x00000000c4300000)
 Metaspace       used 46676K, committed 47680K, reserved 1114112K
  class space    used 4882K, committed 5312K, reserved 1048576K
}
Event: 15.440 GC heap before
{Heap before GC invocations=20 (full 2):
 PSYoungGen      total 23040K, used 22688K [0x00000000eab00000, 0x00000000ec480000, 0x0000000100000000)
  eden space 20992K, 100% used [0x00000000eab00000,0x00000000ebf80000,0x00000000ebf80000)
  from space 2048K, 82% used [0x00000000ebf80000,0x00000000ec128000,0x00000000ec180000)
  to   space 2560K, 0% used [0x00000000ec200000,0x00000000ec200000,0x00000000ec480000)
 ParOldGen       total 68608K, used 21493K [0x00000000c0000000, 0x00000000c4300000, 0x00000000eab00000)
  object space 68608K, 31% used [0x00000000c0000000,0x00000000c14fd4a8,0x00000000c4300000)
 Metaspace       used 47731K, committed 48704K, reserved 1114112K
  class space    used 5010K, committed 5440K, reserved 1048576K
}
Event: 15.444 GC heap after
{Heap after GC invocations=20 (full 2):
 PSYoungGen      total 23040K, used 1936K [0x00000000eab00000, 0x00000000ec400000, 0x0000000100000000)
  eden space 20992K, 0% used [0x00000000eab00000,0x00000000eab00000,0x00000000ebf80000)
  from space 2048K, 94% used [0x00000000ec200000,0x00000000ec3e4218,0x00000000ec400000)
  to   space 2048K, 0% used [0x00000000ebf80000,0x00000000ebf80000,0x00000000ec180000)
 ParOldGen       total 68608K, used 23109K [0x00000000c0000000, 0x00000000c4300000, 0x00000000eab00000)
  object space 68608K, 33% used [0x00000000c0000000,0x00000000c16914a8,0x00000000c4300000)
 Metaspace       used 47731K, committed 48704K, reserved 1114112K
  class space    used 5010K, committed 5440K, reserved 1048576K
}
Event: 15.671 GC heap before
{Heap before GC invocations=21 (full 2):
 PSYoungGen      total 23040K, used 22928K [0x00000000eab00000, 0x00000000ec400000, 0x0000000100000000)
  eden space 20992K, 100% used [0x00000000eab00000,0x00000000ebf80000,0x00000000ebf80000)
  from space 2048K, 94% used [0x00000000ec200000,0x00000000ec3e4218,0x00000000ec400000)
  to   space 2048K, 0% used [0x00000000ebf80000,0x00000000ebf80000,0x00000000ec180000)
 ParOldGen       total 68608K, used 23109K [0x00000000c0000000, 0x00000000c4300000, 0x00000000eab00000)
  object space 68608K, 33% used [0x00000000c0000000,0x00000000c16914a8,0x00000000c4300000)
 Metaspace       used 48426K, committed 49408K, reserved 1114112K
  class space    used 5089K, committed 5504K, reserved 1048576K
}
Event: 15.680 GC heap after
{Heap after GC invocations=21 (full 2):
 PSYoungGen      total 23040K, used 2019K [0x00000000eab00000, 0x00000000ec880000, 0x0000000100000000)
  eden space 20992K, 0% used [0x00000000eab00000,0x00000000eab00000,0x00000000ebf80000)
  from space 2048K, 98% used [0x00000000ebf80000,0x00000000ec178ec8,0x00000000ec180000)
  to   space 4608K, 0% used [0x00000000ec400000,0x00000000ec400000,0x00000000ec880000)
 ParOldGen       total 68608K, used 24973K [0x00000000c0000000, 0x00000000c4300000, 0x00000000eab00000)
  object space 68608K, 36% used [0x00000000c0000000,0x00000000c1863428,0x00000000c4300000)
 Metaspace       used 48426K, committed 49408K, reserved 1114112K
  class space    used 5089K, committed 5504K, reserved 1048576K
}
Event: 15.804 GC heap before
{Heap before GC invocations=22 (full 2):
 PSYoungGen      total 23040K, used 23011K [0x00000000eab00000, 0x00000000ec880000, 0x0000000100000000)
  eden space 20992K, 100% used [0x00000000eab00000,0x00000000ebf80000,0x00000000ebf80000)
  from space 2048K, 98% used [0x00000000ebf80000,0x00000000ec178ec8,0x00000000ec180000)
  to   space 4608K, 0% used [0x00000000ec400000,0x00000000ec400000,0x00000000ec880000)
 ParOldGen       total 68608K, used 24973K [0x00000000c0000000, 0x00000000c4300000, 0x00000000eab00000)
  object space 68608K, 36% used [0x00000000c0000000,0x00000000c1863428,0x00000000c4300000)
 Metaspace       used 48796K, committed 49792K, reserved 1114112K
  class space    used 5125K, committed 5568K, reserved 1048576K
}
Event: 15.811 GC heap after
{Heap after GC invocations=22 (full 2):
 PSYoungGen      total 23552K, used 2368K [0x00000000eab00000, 0x00000000ec680000, 0x0000000100000000)
  eden space 20992K, 0% used [0x00000000eab00000,0x00000000eab00000,0x00000000ebf80000)
  from space 2560K, 92% used [0x00000000ec400000,0x00000000ec650010,0x00000000ec680000)
  to   space 3072K, 0% used [0x00000000ec080000,0x00000000ec080000,0x00000000ec380000)
 ParOldGen       total 68608K, used 26984K [0x00000000c0000000, 0x00000000c4300000, 0x00000000eab00000)
  object space 68608K, 39% used [0x00000000c0000000,0x00000000c1a5a170,0x00000000c4300000)
 Metaspace       used 48796K, committed 49792K, reserved 1114112K
  class space    used 5125K, committed 5568K, reserved 1048576K
}
Event: 15.938 GC heap before
{Heap before GC invocations=23 (full 2):
 PSYoungGen      total 23552K, used 23360K [0x00000000eab00000, 0x00000000ec680000, 0x0000000100000000)
  eden space 20992K, 100% used [0x00000000eab00000,0x00000000ebf80000,0x00000000ebf80000)
  from space 2560K, 92% used [0x00000000ec400000,0x00000000ec650010,0x00000000ec680000)
  to   space 3072K, 0% used [0x00000000ec080000,0x00000000ec080000,0x00000000ec380000)
 ParOldGen       total 68608K, used 26984K [0x00000000c0000000, 0x00000000c4300000, 0x00000000eab00000)
  object space 68608K, 39% used [0x00000000c0000000,0x00000000c1a5a170,0x00000000c4300000)
 Metaspace       used 49451K, committed 50496K, reserved 1114112K
  class space    used 5197K, committed 5632K, reserved 1048576K
}
Event: 15.944 GC heap after
{Heap after GC invocations=23 (full 2):
 PSYoungGen      total 23040K, used 1974K [0x00000000eab00000, 0x00000000ec480000, 0x0000000100000000)
  eden space 20992K, 0% used [0x00000000eab00000,0x00000000eab00000,0x00000000ebf80000)
  from space 2048K, 96% used [0x00000000ec080000,0x00000000ec26d910,0x00000000ec280000)
  to   space 2048K, 0% used [0x00000000ec280000,0x00000000ec280000,0x00000000ec480000)
 ParOldGen       total 68608K, used 29286K [0x00000000c0000000, 0x00000000c4300000, 0x00000000eab00000)
  object space 68608K, 42% used [0x00000000c0000000,0x00000000c1c99b78,0x00000000c4300000)
 Metaspace       used 49451K, committed 50496K, reserved 1114112K
  class space    used 5197K, committed 5632K, reserved 1048576K
}
Event: 16.215 GC heap before
{Heap before GC invocations=24 (full 2):
 PSYoungGen      total 23040K, used 22966K [0x00000000eab00000, 0x00000000ec480000, 0x0000000100000000)
  eden space 20992K, 100% used [0x00000000eab00000,0x00000000ebf80000,0x00000000ebf80000)
  from space 2048K, 96% used [0x00000000ec080000,0x00000000ec26d910,0x00000000ec280000)
  to   space 2048K, 0% used [0x00000000ec280000,0x00000000ec280000,0x00000000ec480000)
 ParOldGen       total 68608K, used 29286K [0x00000000c0000000, 0x00000000c4300000, 0x00000000eab00000)
  object space 68608K, 42% used [0x00000000c0000000,0x00000000c1c99b78,0x00000000c4300000)
 Metaspace       used 51338K, committed 52480K, reserved 1114112K
  class space    used 5461K, committed 5952K, reserved 1048576K
}
Event: 16.219 GC heap after
{Heap after GC invocations=24 (full 2):
 PSYoungGen      total 22528K, used 1120K [0x00000000eab00000, 0x00000000ec400000, 0x0000000100000000)
  eden space 20992K, 0% used [0x00000000eab00000,0x00000000eab00000,0x00000000ebf80000)
  from space 1536K, 72% used [0x00000000ec280000,0x00000000ec398000,0x00000000ec400000)
  to   space 1536K, 0% used [0x00000000ec100000,0x00000000ec100000,0x00000000ec280000)
 ParOldGen       total 68608K, used 31130K [0x00000000c0000000, 0x00000000c4300000, 0x00000000eab00000)
  object space 68608K, 45% used [0x00000000c0000000,0x00000000c1e66a30,0x00000000c4300000)
 Metaspace       used 51338K, committed 52480K, reserved 1114112K
  class space    used 5461K, committed 5952K, reserved 1048576K
}
Event: 16.534 GC heap before
{Heap before GC invocations=25 (full 2):
 PSYoungGen      total 22528K, used 22112K [0x00000000eab00000, 0x00000000ec400000, 0x0000000100000000)
  eden space 20992K, 100% used [0x00000000eab00000,0x00000000ebf80000,0x00000000ebf80000)
  from space 1536K, 72% used [0x00000000ec280000,0x00000000ec398000,0x00000000ec400000)
  to   space 1536K, 0% used [0x00000000ec100000,0x00000000ec100000,0x00000000ec280000)
 ParOldGen       total 68608K, used 31130K [0x00000000c0000000, 0x00000000c4300000, 0x00000000eab00000)
  object space 68608K, 45% used [0x00000000c0000000,0x00000000c1e66a30,0x00000000c4300000)
 Metaspace       used 53629K, committed 54784K, reserved 1114112K
  class space    used 5741K, committed 6272K, reserved 1048576K
}
Event: 16.538 GC heap after
{Heap after GC invocations=25 (full 2):
 PSYoungGen      total 22528K, used 1360K [0x00000000eab00000, 0x00000000ec300000, 0x0000000100000000)
  eden space 20992K, 0% used [0x00000000eab00000,0x00000000eab00000,0x00000000ebf80000)
  from space 1536K, 88% used [0x00000000ec100000,0x00000000ec254030,0x00000000ec280000)
  to   space 512K, 0% used [0x00000000ec280000,0x00000000ec280000,0x00000000ec300000)
 ParOldGen       total 68608K, used 32089K [0x00000000c0000000, 0x00000000c4300000, 0x00000000eab00000)
  object space 68608K, 46% used [0x00000000c0000000,0x00000000c1f56500,0x00000000c4300000)
 Metaspace       used 53629K, committed 54784K, reserved 1114112K
  class space    used 5741K, committed 6272K, reserved 1048576K
}
Event: 16.791 GC heap before
{Heap before GC invocations=26 (full 2):
 PSYoungGen      total 22528K, used 22352K [0x00000000eab00000, 0x00000000ec300000, 0x0000000100000000)
  eden space 20992K, 100% used [0x00000000eab00000,0x00000000ebf80000,0x00000000ebf80000)
  from space 1536K, 88% used [0x00000000ec100000,0x00000000ec254030,0x00000000ec280000)
  to   space 512K, 0% used [0x00000000ec280000,0x00000000ec280000,0x00000000ec300000)
 ParOldGen       total 68608K, used 32089K [0x00000000c0000000, 0x00000000c4300000, 0x00000000eab00000)
  object space 68608K, 46% used [0x00000000c0000000,0x00000000c1f56500,0x00000000c4300000)
 Metaspace       used 55438K, committed 56512K, reserved 1114112K
  class space    used 5920K, committed 6400K, reserved 1048576K
}
Event: 16.795 GC heap after
{Heap after GC invocations=26 (full 2):
 PSYoungGen      total 21504K, used 496K [0x00000000eab00000, 0x00000000ec300000, 0x0000000100000000)
  eden space 20992K, 0% used [0x00000000eab00000,0x00000000eab00000,0x00000000ebf80000)
  from space 512K, 96% used [0x00000000ec280000,0x00000000ec2fc120,0x00000000ec300000)
  to   space 1536K, 0% used [0x00000000ec100000,0x00000000ec100000,0x00000000ec280000)
 ParOldGen       total 68608K, used 34371K [0x00000000c0000000, 0x00000000c4300000, 0x00000000eab00000)
  object space 68608K, 50% used [0x00000000c0000000,0x00000000c2190f38,0x00000000c4300000)
 Metaspace       used 55438K, committed 56512K, reserved 1114112K
  class space    used 5920K, committed 6400K, reserved 1048576K
}

