# JRE version: OpenJDK Runtime Environment Temurin-17.0.11+9 (17.0.11+9) (build 17.0.11+9)
# Java VM: OpenJDK 64-Bit Server VM Temurin-17.0.11+9 (17.0.11+9, mixed mode, tiered, compressed oops, compressed class ptrs, parallel gc, windows-amd64)
GC Precious Log:
 CPUs: 4 total, 4 available
 Memory: 3902M
 Large Page Support: Disabled
 NUMA Support: Disabled
 Compressed Oops: Enabled (32-bit)
 Alignments: Space 512K, Generation 512K, Heap 2M
 Heap Min Capacity: 100M
 Heap Initial Capacity: 100M
 Heap Max Capacity: 1G
 Pre-touch: Disabled
 Parallel Workers: 4
Heap:
 PSYoungGen      total 19968K, used 10558K [0x00000000eab00000, 0x00000000ec200000, 0x0000000100000000)
  eden space 18432K, 50% used [0x00000000eab00000,0x00000000eb413918,0x00000000ebd00000)
  from space 1536K, 82% used [0x00000000ebe00000,0x00000000ebf3c030,0x00000000ebf80000)
  to   space 2048K, 0% used [0x00000000ec000000,0x00000000ec000000,0x00000000ec200000)
 ParOldGen       total 68608K, used 37539K [0x00000000c0000000, 0x00000000c4300000, 0x00000000eab00000)
  object space 68608K, 54% used [0x00000000c0000000,0x00000000c24a8df0,0x00000000c4300000)
 Metaspace       used 50787K, committed 51648K, reserved 1114112K
  class space    used 5053K, committed 5440K, reserved 1048576K
GC Heap History (20 events):
Event: 21.251 GC heap before
{Heap before GC invocations=20 (full 2):
 PSYoungGen      total 23040K, used 22688K [0x00000000eab00000, 0x00000000ec400000, 0x0000000100000000)
  eden space 20480K, 100% used [0x00000000eab00000,0x00000000ebf00000,0x00000000ebf00000)
  from space 2560K, 86% used [0x00000000ebf00000,0x00000000ec128010,0x00000000ec180000)
  to   space 2560K, 0% used [0x00000000ec180000,0x00000000ec180000,0x00000000ec400000)
 ParOldGen       total 68608K, used 24312K [0x00000000c0000000, 0x00000000c4300000, 0x00000000eab00000)
  object space 68608K, 35% used [0x00000000c0000000,0x00000000c17be280,0x00000000c4300000)
 Metaspace       used 41444K, committed 42240K, reserved 1114112K
  class space    used 4207K, committed 4544K, reserved 1048576K
}
Event: 21.256 GC heap after
{Heap after GC invocations=20 (full 2):
 PSYoungGen      total 22528K, used 1686K [0x00000000eab00000, 0x00000000ec380000, 0x0000000100000000)
  eden space 20480K, 0% used [0x00000000eab00000,0x00000000eab00000,0x00000000ebf00000)
  from space 2048K, 82% used [0x00000000ec180000,0x00000000ec325a20,0x00000000ec380000)
  to   space 2048K, 0% used [0x00000000ebf80000,0x00000000ebf80000,0x00000000ec180000)
 ParOldGen       total 68608K, used 26496K [0x00000000c0000000, 0x00000000c4300000, 0x00000000eab00000)
  object space 68608K, 38% used [0x00000000c0000000,0x00000000c19e0290,0x00000000c4300000)
 Metaspace       used 41444K, committed 42240K, reserved 1114112K
  class space    used 4207K, committed 4544K, reserved 1048576K
}
Event: 21.734 GC heap before
{Heap before GC invocations=21 (full 2):
 PSYoungGen      total 22528K, used 22166K [0x00000000eab00000, 0x00000000ec380000, 0x0000000100000000)
  eden space 20480K, 100% used [0x00000000eab00000,0x00000000ebf00000,0x00000000ebf00000)
  from space 2048K, 82% used [0x00000000ec180000,0x00000000ec325a20,0x00000000ec380000)
  to   space 2048K, 0% used [0x00000000ebf80000,0x00000000ebf80000,0x00000000ec180000)
 ParOldGen       total 68608K, used 26496K [0x00000000c0000000, 0x00000000c4300000, 0x00000000eab00000)
  object space 68608K, 38% used [0x00000000c0000000,0x00000000c19e0290,0x00000000c4300000)
 Metaspace       used 42991K, committed 43776K, reserved 1114112K
  class space    used 4344K, committed 4736K, reserved 1048576K
}
Event: 21.736 GC heap after
{Heap after GC invocations=21 (full 2):
 PSYoungGen      total 20992K, used 464K [0x00000000eab00000, 0x00000000ec200000, 0x0000000100000000)
  eden space 20480K, 0% used [0x00000000eab00000,0x00000000eab00000,0x00000000ebf00000)
  from space 512K, 90% used [0x00000000ebf80000,0x00000000ebff4020,0x00000000ec000000)
  to   space 1024K, 0% used [0x00000000ec100000,0x00000000ec100000,0x00000000ec200000)
 ParOldGen       total 68608K, used 28120K [0x00000000c0000000, 0x00000000c4300000, 0x00000000eab00000)
  object space 68608K, 40% used [0x00000000c0000000,0x00000000c1b76290,0x00000000c4300000)
 Metaspace       used 42991K, committed 43776K, reserved 1114112K
  class space    used 4344K, committed 4736K, reserved 1048576K
}
Event: 21.925 GC heap before
{Heap before GC invocations=22 (full 2):
 PSYoungGen      total 20992K, used 20944K [0x00000000eab00000, 0x00000000ec200000, 0x0000000100000000)
  eden space 20480K, 100% used [0x00000000eab00000,0x00000000ebf00000,0x00000000ebf00000)
  from space 512K, 90% used [0x00000000ebf80000,0x00000000ebff4020,0x00000000ec000000)
  to   space 1024K, 0% used [0x00000000ec100000,0x00000000ec100000,0x00000000ec200000)
 ParOldGen       total 68608K, used 28120K [0x00000000c0000000, 0x00000000c4300000, 0x00000000eab00000)
  object space 68608K, 40% used [0x00000000c0000000,0x00000000c1b76290,0x00000000c4300000)
 Metaspace       used 44538K, committed 45312K, reserved 1114112K
  class space    used 4504K, committed 4864K, reserved 1048576K
}
Event: 21.929 GC heap after
{Heap after GC invocations=22 (full 2):
 PSYoungGen      total 20992K, used 1010K [0x00000000eab00000, 0x00000000ec400000, 0x0000000100000000)
  eden space 19968K, 0% used [0x00000000eab00000,0x00000000eab00000,0x00000000ebe80000)
  from space 1024K, 98% used [0x00000000ec100000,0x00000000ec1fc8f0,0x00000000ec200000)
  to   space 2560K, 0% used [0x00000000ebe80000,0x00000000ebe80000,0x00000000ec100000)
 ParOldGen       total 68608K, used 29242K [0x00000000c0000000, 0x00000000c4300000, 0x00000000eab00000)
  object space 68608K, 42% used [0x00000000c0000000,0x00000000c1c8e918,0x00000000c4300000)
 Metaspace       used 44538K, committed 45312K, reserved 1114112K
  class space    used 4504K, committed 4864K, reserved 1048576K
}
Event: 22.245 GC heap before
{Heap before GC invocations=23 (full 2):
 PSYoungGen      total 20992K, used 20978K [0x00000000eab00000, 0x00000000ec400000, 0x0000000100000000)
  eden space 19968K, 100% used [0x00000000eab00000,0x00000000ebe80000,0x00000000ebe80000)
  from space 1024K, 98% used [0x00000000ec100000,0x00000000ec1fc8f0,0x00000000ec200000)
  to   space 2560K, 0% used [0x00000000ebe80000,0x00000000ebe80000,0x00000000ec100000)
 ParOldGen       total 68608K, used 29242K [0x00000000c0000000, 0x00000000c4300000, 0x00000000eab00000)
  object space 68608K, 42% used [0x00000000c0000000,0x00000000c1c8e918,0x00000000c4300000)
 Metaspace       used 44892K, committed 45632K, reserved 1114112K
  class space    used 4525K, committed 4864K, reserved 1048576K
}
Event: 22.249 GC heap after
{Heap after GC invocations=23 (full 2):
 PSYoungGen      total 21504K, used 1146K [0x00000000eab00000, 0x00000000ec180000, 0x0000000100000000)
  eden space 19968K, 0% used [0x00000000eab00000,0x00000000eab00000,0x00000000ebe80000)
  from space 1536K, 74% used [0x00000000ebe80000,0x00000000ebf9eac0,0x00000000ec000000)
  to   space 1536K, 0% used [0x00000000ec000000,0x00000000ec000000,0x00000000ec180000)
 ParOldGen       total 68608K, used 30188K [0x00000000c0000000, 0x00000000c4300000, 0x00000000eab00000)
  object space 68608K, 44% used [0x00000000c0000000,0x00000000c1d7b1f8,0x00000000c4300000)
 Metaspace       used 44892K, committed 45632K, reserved 1114112K
  class space    used 4525K, committed 4864K, reserved 1048576K
}
Event: 22.306 GC heap before
{Heap before GC invocations=24 (full 2):
 PSYoungGen      total 21504K, used 21114K [0x00000000eab00000, 0x00000000ec180000, 0x0000000100000000)
  eden space 19968K, 100% used [0x00000000eab00000,0x00000000ebe80000,0x00000000ebe80000)
  from space 1536K, 74% used [0x00000000ebe80000,0x00000000ebf9eac0,0x00000000ec000000)
  to   space 1536K, 0% used [0x00000000ec000000,0x00000000ec000000,0x00000000ec180000)
 ParOldGen       total 68608K, used 30188K [0x00000000c0000000, 0x00000000c4300000, 0x00000000eab00000)
  object space 68608K, 44% used [0x00000000c0000000,0x00000000c1d7b1f8,0x00000000c4300000)
 Metaspace       used 44897K, committed 45632K, reserved 1114112K
  class space    used 4525K, committed 4864K, reserved 1048576K
}
Event: 22.308 GC heap after
{Heap after GC invocations=24 (full 2):
 PSYoungGen      total 20992K, used 763K [0x00000000eab00000, 0x00000000ec100000, 0x0000000100000000)
  eden space 19968K, 0% used [0x00000000eab00000,0x00000000eab00000,0x00000000ebe80000)
  from space 1024K, 74% used [0x00000000ec000000,0x00000000ec0bed18,0x00000000ec100000)
  to   space 1024K, 0% used [0x00000000ebf00000,0x00000000ebf00000,0x00000000ec000000)
 ParOldGen       total 68608K, used 30436K [0x00000000c0000000, 0x00000000c4300000, 0x00000000eab00000)
  object space 68608K, 44% used [0x00000000c0000000,0x00000000c1db9208,0x00000000c4300000)
 Metaspace       used 44897K, committed 45632K, reserved 1114112K
  class space    used 4525K, committed 4864K, reserved 1048576K
}
Event: 22.453 GC heap before
{Heap before GC invocations=25 (full 2):
 PSYoungGen      total 20992K, used 20731K [0x00000000eab00000, 0x00000000ec100000, 0x0000000100000000)
  eden space 19968K, 100% used [0x00000000eab00000,0x00000000ebe80000,0x00000000ebe80000)
  from space 1024K, 74% used [0x00000000ec000000,0x00000000ec0bed18,0x00000000ec100000)
  to   space 1024K, 0% used [0x00000000ebf00000,0x00000000ebf00000,0x00000000ec000000)
 ParOldGen       total 68608K, used 30436K [0x00000000c0000000, 0x00000000c4300000, 0x00000000eab00000)
  object space 68608K, 44% used [0x00000000c0000000,0x00000000c1db9208,0x00000000c4300000)
 Metaspace       used 45680K, committed 46464K, reserved 1114112K
  class space    used 4602K, committed 4992K, reserved 1048576K
}
Event: 22.454 GC heap after
{Heap after GC invocations=25 (full 2):
 PSYoungGen      total 20992K, used 768K [0x00000000eab00000, 0x00000000ec080000, 0x0000000100000000)
  eden space 19968K, 0% used [0x00000000eab00000,0x00000000eab00000,0x00000000ebe80000)
  from space 1024K, 75% used [0x00000000ebf00000,0x00000000ebfc0000,0x00000000ec000000)
  to   space 512K, 0% used [0x00000000ec000000,0x00000000ec000000,0x00000000ec080000)
 ParOldGen       total 68608K, used 30508K [0x00000000c0000000, 0x00000000c4300000, 0x00000000eab00000)
  object space 68608K, 44% used [0x00000000c0000000,0x00000000c1dcb208,0x00000000c4300000)
 Metaspace       used 45680K, committed 46464K, reserved 1114112K
  class space    used 4602K, committed 4992K, reserved 1048576K
}
Event: 22.622 GC heap before
{Heap before GC invocations=26 (full 2):
 PSYoungGen      total 20992K, used 20736K [0x00000000eab00000, 0x00000000ec080000, 0x0000000100000000)
  eden space 19968K, 100% used [0x00000000eab00000,0x00000000ebe80000,0x00000000ebe80000)
  from space 1024K, 75% used [0x00000000ebf00000,0x00000000ebfc0000,0x00000000ec000000)
  to   space 512K, 0% used [0x00000000ec000000,0x00000000ec000000,0x00000000ec080000)
 ParOldGen       total 68608K, used 30508K [0x00000000c0000000, 0x00000000c4300000, 0x00000000eab00000)
  object space 68608K, 44% used [0x00000000c0000000,0x00000000c1dcb208,0x00000000c4300000)
 Metaspace       used 46493K, committed 47296K, reserved 1114112K
  class space    used 4719K, committed 5120K, reserved 1048576K
}
Event: 22.625 GC heap after
{Heap after GC invocations=26 (full 2):
 PSYoungGen      total 18944K, used 497K [0x00000000eab00000, 0x00000000ec480000, 0x0000000100000000)
  eden space 18432K, 0% used [0x00000000eab00000,0x00000000eab00000,0x00000000ebd00000)
  from space 512K, 97% used [0x00000000ec000000,0x00000000ec07c6c8,0x00000000ec080000)
  to   space 3072K, 0% used [0x00000000ebd00000,0x00000000ebd00000,0x00000000ec000000)
 ParOldGen       total 68608K, used 32410K [0x00000000c0000000, 0x00000000c4300000, 0x00000000eab00000)
  object space 68608K, 47% used [0x00000000c0000000,0x00000000c1fa6a78,0x00000000c4300000)
 Metaspace       used 46493K, committed 47296K, reserved 1114112K
  class space    used 4719K, committed 5120K, reserved 1048576K
}
Event: 23.009 GC heap before
{Heap before GC invocations=27 (full 2):
 PSYoungGen      total 18944K, used 18929K [0x00000000eab00000, 0x00000000ec480000, 0x0000000100000000)
  eden space 18432K, 100% used [0x00000000eab00000,0x00000000ebd00000,0x00000000ebd00000)
  from space 512K, 97% used [0x00000000ec000000,0x00000000ec07c6c8,0x00000000ec080000)
  to   space 3072K, 0% used [0x00000000ebd00000,0x00000000ebd00000,0x00000000ec000000)
 ParOldGen       total 68608K, used 32410K [0x00000000c0000000, 0x00000000c4300000, 0x00000000eab00000)
  object space 68608K, 47% used [0x00000000c0000000,0x00000000c1fa6a78,0x00000000c4300000)
 Metaspace       used 47970K, committed 48704K, reserved 1114112K
  class space    used 4867K, committed 5248K, reserved 1048576K
}
Event: 23.016 GC heap after
{Heap after GC invocations=27 (full 2):
 PSYoungGen      total 21504K, used 3058K [0x00000000eab00000, 0x00000000ec600000, 0x0000000100000000)
  eden space 18432K, 0% used [0x00000000eab00000,0x00000000eab00000,0x00000000ebd00000)
  from space 3072K, 99% used [0x00000000ebd00000,0x00000000ebffca40,0x00000000ec000000)
  to   space 4608K, 0% used [0x00000000ec180000,0x00000000ec180000,0x00000000ec600000)
 ParOldGen       total 68608K, used 33196K [0x00000000c0000000, 0x00000000c4300000, 0x00000000eab00000)
  object space 68608K, 48% used [0x00000000c0000000,0x00000000c206b140,0x00000000c4300000)
 Metaspace       used 47970K, committed 48704K, reserved 1114112K
  class space    used 4867K, committed 5248K, reserved 1048576K
}
Event: 24.400 GC heap before
{Heap before GC invocations=28 (full 2):
 PSYoungGen      total 21504K, used 21490K [0x00000000eab00000, 0x00000000ec600000, 0x0000000100000000)
  eden space 18432K, 100% used [0x00000000eab00000,0x00000000ebd00000,0x00000000ebd00000)
  from space 3072K, 99% used [0x00000000ebd00000,0x00000000ebffca40,0x00000000ec000000)
  to   space 4608K, 0% used [0x00000000ec180000,0x00000000ec180000,0x00000000ec600000)
 ParOldGen       total 68608K, used 33196K [0x00000000c0000000, 0x00000000c4300000, 0x00000000eab00000)
  object space 68608K, 48% used [0x00000000c0000000,0x00000000c206b140,0x00000000c4300000)
 Metaspace       used 48744K, committed 49536K, reserved 1114112K
  class space    used 4941K, committed 5312K, reserved 1048576K
}
Event: 24.406 GC heap after
{Heap after GC invocations=28 (full 2):
 PSYoungGen      total 20992K, used 2437K [0x00000000eab00000, 0x00000000ec400000, 0x0000000100000000)
  eden space 18432K, 0% used [0x00000000eab00000,0x00000000eab00000,0x00000000ebd00000)
  from space 2560K, 95% used [0x00000000ec180000,0x00000000ec3e1468,0x00000000ec400000)
  to   space 3072K, 0% used [0x00000000ebe00000,0x00000000ebe00000,0x00000000ec100000)
 ParOldGen       total 68608K, used 36243K [0x00000000c0000000, 0x00000000c4300000, 0x00000000eab00000)
  object space 68608K, 52% used [0x00000000c0000000,0x00000000c2364fa8,0x00000000c4300000)
 Metaspace       used 48744K, committed 49536K, reserved 1114112K
  class space    used 4941K, committed 5312K, reserved 1048576K
}
Event: 26.469 GC heap before
{Heap before GC invocations=29 (full 2):
 PSYoungGen      total 20992K, used 20869K [0x00000000eab00000, 0x00000000ec400000, 0x0000000100000000)
  eden space 18432K, 100% used [0x00000000eab00000,0x00000000ebd00000,0x00000000ebd00000)
  from space 2560K, 95% used [0x00000000ec180000,0x00000000ec3e1468,0x00000000ec400000)
  to   space 3072K, 0% used [0x00000000ebe00000,0x00000000ebe00000,0x00000000ec100000)
 ParOldGen       total 68608K, used 36243K [0x00000000c0000000, 0x00000000c4300000, 0x00000000eab00000)
  object space 68608K, 52% used [0x00000000c0000000,0x00000000c2364fa8,0x00000000c4300000)
 Metaspace       used 49494K, committed 50368K, reserved 1114112K
  class space    used 4958K, committed 5376K, reserved 1048576K
}
Event: 26.472 GC heap after
{Heap after GC invocations=29 (full 2):
 PSYoungGen      total 19968K, used 1264K [0x00000000eab00000, 0x00000000ec200000, 0x0000000100000000)
  eden space 18432K, 0% used [0x00000000eab00000,0x00000000eab00000,0x00000000ebd00000)
  from space 1536K, 82% used [0x00000000ebe00000,0x00000000ebf3c030,0x00000000ebf80000)
  to   space 2048K, 0% used [0x00000000ec000000,0x00000000ec000000,0x00000000ec200000)
 ParOldGen       total 68608K, used 37539K [0x00000000c0000000, 0x00000000c4300000, 0x00000000eab00000)
  object space 68608K, 54% used [0x00000000c0000000,0x00000000c24a8df0,0x00000000c4300000)
 Metaspace       used 49494K, committed 50368K, reserved 1114112K
  class space    used 4958K, committed 5376K, reserved 1048576K
}

