# JRE version: OpenJDK Runtime Environment Temurin-17.0.11+9 (17.0.11+9) (build 17.0.11+9)
# Java VM: OpenJDK 64-Bit Server VM Temurin-17.0.11+9 (17.0.11+9, mixed mode, emulated-client, tiered, compressed oops, compressed class ptrs, g1 gc, windows-amd64)
GC Precious Log:
 CPUs: 4 total, 4 available
 Memory: 3902M
 Large Page Support: Disabled
 NUMA Support: Disabled
 Compressed Oops: Enabled (32-bit)
 Heap Region Size: 1M
 Heap Min Capacity: 8M
 Heap Initial Capacity: 62M
 Heap Max Capacity: 1G
 Pre-touch: Disabled
 Parallel Workers: 4
 Concurrent Workers: 1
 Concurrent Refinement Workers: 4
 Periodic GC: Disabled
Heap:
 garbage-first heap   total 63488K, used 24758K [0x00000000c0000000, 0x0000000100000000)
  region size 1024K, 1 young (1024K), 0 survivors (0K)
 Metaspace       used 39296K, committed 39872K, reserved 1114112K
  class space    used 5197K, committed 5440K, reserved 1048576K
GC Heap History (20 events):
Event: 4881.667 GC heap before
{Heap before GC invocations=420 (full 406):
 garbage-first heap   total 63488K, used 24758K [0x00000000c0000000, 0x0000000100000000)
  region size 1024K, 1 young (1024K), 0 survivors (0K)
 Metaspace       used 39296K, committed 39872K, reserved 1114112K
  class space    used 5197K, committed 5440K, reserved 1048576K
}
Event: 4881.689 GC heap after
{Heap after GC invocations=421 (full 407):
 garbage-first heap   total 63488K, used 24758K [0x00000000c0000000, 0x0000000100000000)
  region size 1024K, 0 young (0K), 0 survivors (0K)
 Metaspace       used 39296K, committed 39872K, reserved 1114112K
  class space    used 5197K, committed 5440K, reserved 1048576K
}
Event: 4891.970 GC heap before
{Heap before GC invocations=421 (full 407):
 garbage-first heap   total 63488K, used 24758K [0x00000000c0000000, 0x0000000100000000)
  region size 1024K, 1 young (1024K), 0 survivors (0K)
 Metaspace       used 39296K, committed 39872K, reserved 1114112K
  class space    used 5197K, committed 5440K, reserved 1048576K
}
Event: 4891.991 GC heap after
{Heap after GC invocations=422 (full 408):
 garbage-first heap   total 63488K, used 24758K [0x00000000c0000000, 0x0000000100000000)
  region size 1024K, 0 young (0K), 0 survivors (0K)
 Metaspace       used 39296K, committed 39872K, reserved 1114112K
  class space    used 5197K, committed 5440K, reserved 1048576K
}
Event: 4902.379 GC heap before
{Heap before GC invocations=422 (full 408):
 garbage-first heap   total 63488K, used 24758K [0x00000000c0000000, 0x0000000100000000)
  region size 1024K, 1 young (1024K), 0 survivors (0K)
 Metaspace       used 39296K, committed 39872K, reserved 1114112K
  class space    used 5197K, committed 5440K, reserved 1048576K
}
Event: 4902.405 GC heap after
{Heap after GC invocations=423 (full 409):
 garbage-first heap   total 63488K, used 24758K [0x00000000c0000000, 0x0000000100000000)
  region size 1024K, 0 young (0K), 0 survivors (0K)
 Metaspace       used 39296K, committed 39872K, reserved 1114112K
  class space    used 5197K, committed 5440K, reserved 1048576K
}
Event: 4912.645 GC heap before
{Heap before GC invocations=423 (full 409):
 garbage-first heap   total 63488K, used 24758K [0x00000000c0000000, 0x0000000100000000)
  region size 1024K, 1 young (1024K), 0 survivors (0K)
 Metaspace       used 39296K, committed 39872K, reserved 1114112K
  class space    used 5197K, committed 5440K, reserved 1048576K
}
Event: 4912.667 GC heap after
{Heap after GC invocations=424 (full 410):
 garbage-first heap   total 63488K, used 24758K [0x00000000c0000000, 0x0000000100000000)
  region size 1024K, 0 young (0K), 0 survivors (0K)
 Metaspace       used 39296K, committed 39872K, reserved 1114112K
  class space    used 5197K, committed 5440K, reserved 1048576K
}
Event: 4922.882 GC heap before
{Heap before GC invocations=424 (full 410):
 garbage-first heap   total 63488K, used 24758K [0x00000000c0000000, 0x0000000100000000)
  region size 1024K, 1 young (1024K), 0 survivors (0K)
 Metaspace       used 39296K, committed 39872K, reserved 1114112K
  class space    used 5197K, committed 5440K, reserved 1048576K
}
Event: 4922.904 GC heap after
{Heap after GC invocations=425 (full 411):
 garbage-first heap   total 63488K, used 24758K [0x00000000c0000000, 0x0000000100000000)
  region size 1024K, 0 young (0K), 0 survivors (0K)
 Metaspace       used 39296K, committed 39872K, reserved 1114112K
  class space    used 5197K, committed 5440K, reserved 1048576K
}
Event: 4933.125 GC heap before
{Heap before GC invocations=425 (full 411):
 garbage-first heap   total 63488K, used 24758K [0x00000000c0000000, 0x0000000100000000)
  region size 1024K, 1 young (1024K), 0 survivors (0K)
 Metaspace       used 39296K, committed 39872K, reserved 1114112K
  class space    used 5197K, committed 5440K, reserved 1048576K
}
Event: 4933.148 GC heap after
{Heap after GC invocations=426 (full 412):
 garbage-first heap   total 63488K, used 24758K [0x00000000c0000000, 0x0000000100000000)
  region size 1024K, 0 young (0K), 0 survivors (0K)
 Metaspace       used 39296K, committed 39872K, reserved 1114112K
  class space    used 5197K, committed 5440K, reserved 1048576K
}
Event: 4943.757 GC heap before
{Heap before GC invocations=426 (full 412):
 garbage-first heap   total 63488K, used 24758K [0x00000000c0000000, 0x0000000100000000)
  region size 1024K, 1 young (1024K), 0 survivors (0K)
 Metaspace       used 39296K, committed 39872K, reserved 1114112K
  class space    used 5197K, committed 5440K, reserved 1048576K
}
Event: 4943.781 GC heap after
{Heap after GC invocations=427 (full 413):
 garbage-first heap   total 63488K, used 24758K [0x00000000c0000000, 0x0000000100000000)
  region size 1024K, 0 young (0K), 0 survivors (0K)
 Metaspace       used 39296K, committed 39872K, reserved 1114112K
  class space    used 5197K, committed 5440K, reserved 1048576K
}
Event: 4954.001 GC heap before
{Heap before GC invocations=427 (full 413):
 garbage-first heap   total 63488K, used 24758K [0x00000000c0000000, 0x0000000100000000)
  region size 1024K, 1 young (1024K), 0 survivors (0K)
 Metaspace       used 39296K, committed 39872K, reserved 1114112K
  class space    used 5197K, committed 5440K, reserved 1048576K
}
Event: 4954.027 GC heap after
{Heap after GC invocations=428 (full 414):
 garbage-first heap   total 63488K, used 24758K [0x00000000c0000000, 0x0000000100000000)
  region size 1024K, 0 young (0K), 0 survivors (0K)
 Metaspace       used 39296K, committed 39872K, reserved 1114112K
  class space    used 5197K, committed 5440K, reserved 1048576K
}
Event: 4965.052 GC heap before
{Heap before GC invocations=428 (full 414):
 garbage-first heap   total 63488K, used 24758K [0x00000000c0000000, 0x0000000100000000)
  region size 1024K, 1 young (1024K), 0 survivors (0K)
 Metaspace       used 39296K, committed 39872K, reserved 1114112K
  class space    used 5197K, committed 5440K, reserved 1048576K
}
Event: 4965.076 GC heap after
{Heap after GC invocations=429 (full 415):
 garbage-first heap   total 63488K, used 24758K [0x00000000c0000000, 0x0000000100000000)
  region size 1024K, 0 young (0K), 0 survivors (0K)
 Metaspace       used 39296K, committed 39872K, reserved 1114112K
  class space    used 5197K, committed 5440K, reserved 1048576K
}
Event: 4976.043 GC heap before
{Heap before GC invocations=429 (full 415):
 garbage-first heap   total 63488K, used 24758K [0x00000000c0000000, 0x0000000100000000)
  region size 1024K, 1 young (1024K), 0 survivors (0K)
 Metaspace       used 39296K, committed 39872K, reserved 1114112K
  class space    used 5197K, committed 5440K, reserved 1048576K
}
Event: 4976.202 GC heap after
{Heap after GC invocations=430 (full 416):
 garbage-first heap   total 63488K, used 24758K [0x00000000c0000000, 0x0000000100000000)
  region size 1024K, 0 young (0K), 0 survivors (0K)
 Metaspace       used 39296K, committed 39872K, reserved 1114112K
  class space    used 5197K, committed 5440K, reserved 1048576K
}

