# JRE version: OpenJDK Runtime Environment Temurin-17.0.11+9 (17.0.11+9) (build 17.0.11+9)
# Java VM: OpenJDK 64-Bit Server VM Temurin-17.0.11+9 (17.0.11+9, mixed mode, tiered, compressed oops, compressed class ptrs, parallel gc, windows-amd64)
GC Precious Log:
 CPUs: 4 total, 4 available
 Memory: 3902M
 Large Page Support: Disabled
 NUMA Support: Disabled
 Compressed Oops: Enabled (32-bit)
 Alignments: Space 512K, Generation 512K, Heap 2M
 Heap Min Capacity: 100M
 Heap Initial Capacity: 100M
 Heap Max Capacity: 1G
 Pre-touch: Disabled
 Parallel Workers: 4
Heap:
 PSYoungGen      total 21504K, used 15585K [0x00000000eab00000, 0x00000000ec180000, 0x0000000100000000)
  eden space 20992K, 71% used [0x00000000eab00000,0x00000000eb9bc488,0x00000000ebf80000)
  from space 512K, 96% used [0x00000000ec000000,0x00000000ec07c228,0x00000000ec080000)
  to   space 1024K, 0% used [0x00000000ec080000,0x00000000ec080000,0x00000000ec180000)
 ParOldGen       total 68608K, used 39071K [0x00000000c0000000, 0x00000000c4300000, 0x00000000eab00000)
  object space 68608K, 56% used [0x00000000c0000000,0x00000000c2627df8,0x00000000c4300000)
 Metaspace       used 62541K, committed 63808K, reserved 1114112K
  class space    used 6666K, committed 7168K, reserved 1048576K
GC Heap History (20 events):
Event: 23.908 GC heap before
{Heap before GC invocations=27 (full 3):
 PSYoungGen      total 22528K, used 22016K [0x00000000eab00000, 0x00000000ec380000, 0x0000000100000000)
  eden space 22016K, 100% used [0x00000000eab00000,0x00000000ec080000,0x00000000ec080000)
  from space 512K, 0% used [0x00000000ec100000,0x00000000ec100000,0x00000000ec180000)
  to   space 1024K, 0% used [0x00000000ec280000,0x00000000ec280000,0x00000000ec380000)
 ParOldGen       total 68608K, used 28993K [0x00000000c0000000, 0x00000000c4300000, 0x00000000eab00000)
  object space 68608K, 42% used [0x00000000c0000000,0x00000000c1c50760,0x00000000c4300000)
 Metaspace       used 59268K, committed 60480K, reserved 1114112K
  class space    used 6361K, committed 6848K, reserved 1048576K
}
Event: 23.909 GC heap after
{Heap after GC invocations=27 (full 3):
 PSYoungGen      total 23040K, used 1013K [0x00000000eab00000, 0x00000000ec480000, 0x0000000100000000)
  eden space 22016K, 0% used [0x00000000eab00000,0x00000000eab00000,0x00000000ec080000)
  from space 1024K, 99% used [0x00000000ec280000,0x00000000ec37d7f0,0x00000000ec380000)
  to   space 2048K, 0% used [0x00000000ec080000,0x00000000ec080000,0x00000000ec280000)
 ParOldGen       total 68608K, used 29761K [0x00000000c0000000, 0x00000000c4300000, 0x00000000eab00000)
  object space 68608K, 43% used [0x00000000c0000000,0x00000000c1d10400,0x00000000c4300000)
 Metaspace       used 59268K, committed 60480K, reserved 1114112K
  class space    used 6361K, committed 6848K, reserved 1048576K
}
Event: 24.791 GC heap before
{Heap before GC invocations=28 (full 3):
 PSYoungGen      total 23040K, used 23029K [0x00000000eab00000, 0x00000000ec480000, 0x0000000100000000)
  eden space 22016K, 100% used [0x00000000eab00000,0x00000000ec080000,0x00000000ec080000)
  from space 1024K, 99% used [0x00000000ec280000,0x00000000ec37d7f0,0x00000000ec380000)
  to   space 2048K, 0% used [0x00000000ec080000,0x00000000ec080000,0x00000000ec280000)
 ParOldGen       total 68608K, used 29761K [0x00000000c0000000, 0x00000000c4300000, 0x00000000eab00000)
  object space 68608K, 43% used [0x00000000c0000000,0x00000000c1d10400,0x00000000c4300000)
 Metaspace       used 60438K, committed 61632K, reserved 1114112K
  class space    used 6478K, committed 6976K, reserved 1048576K
}
Event: 24.792 GC heap after
{Heap after GC invocations=28 (full 3):
 PSYoungGen      total 22528K, used 192K [0x00000000eab00000, 0x00000000ec300000, 0x0000000100000000)
  eden space 22016K, 0% used [0x00000000eab00000,0x00000000eab00000,0x00000000ec080000)
  from space 512K, 37% used [0x00000000ec080000,0x00000000ec0b0000,0x00000000ec100000)
  to   space 1024K, 0% used [0x00000000ec200000,0x00000000ec200000,0x00000000ec300000)
 ParOldGen       total 68608K, used 30267K [0x00000000c0000000, 0x00000000c4300000, 0x00000000eab00000)
  object space 68608K, 44% used [0x00000000c0000000,0x00000000c1d8ec48,0x00000000c4300000)
 Metaspace       used 60438K, committed 61632K, reserved 1114112K
  class space    used 6478K, committed 6976K, reserved 1048576K
}
Event: 26.928 GC heap before
{Heap before GC invocations=29 (full 3):
 PSYoungGen      total 22528K, used 22208K [0x00000000eab00000, 0x00000000ec300000, 0x0000000100000000)
  eden space 22016K, 100% used [0x00000000eab00000,0x00000000ec080000,0x00000000ec080000)
  from space 512K, 37% used [0x00000000ec080000,0x00000000ec0b0000,0x00000000ec100000)
  to   space 1024K, 0% used [0x00000000ec200000,0x00000000ec200000,0x00000000ec300000)
 ParOldGen       total 68608K, used 30267K [0x00000000c0000000, 0x00000000c4300000, 0x00000000eab00000)
  object space 68608K, 44% used [0x00000000c0000000,0x00000000c1d8ec48,0x00000000c4300000)
 Metaspace       used 61749K, committed 62976K, reserved 1114112K
  class space    used 6604K, committed 7104K, reserved 1048576K
}
Event: 26.931 GC heap after
{Heap after GC invocations=29 (full 3):
 PSYoungGen      total 22528K, used 1024K [0x00000000eab00000, 0x00000000ec480000, 0x0000000100000000)
  eden space 21504K, 0% used [0x00000000eab00000,0x00000000eab00000,0x00000000ec000000)
  from space 1024K, 100% used [0x00000000ec200000,0x00000000ec300000,0x00000000ec300000)
  to   space 2048K, 0% used [0x00000000ec000000,0x00000000ec000000,0x00000000ec200000)
 ParOldGen       total 68608K, used 30979K [0x00000000c0000000, 0x00000000c4300000, 0x00000000eab00000)
  object space 68608K, 45% used [0x00000000c0000000,0x00000000c1e40ff8,0x00000000c4300000)
 Metaspace       used 61749K, committed 62976K, reserved 1114112K
  class space    used 6604K, committed 7104K, reserved 1048576K
}
Event: 27.835 GC heap before
{Heap before GC invocations=30 (full 3):
 PSYoungGen      total 22528K, used 22528K [0x00000000eab00000, 0x00000000ec480000, 0x0000000100000000)
  eden space 21504K, 100% used [0x00000000eab00000,0x00000000ec000000,0x00000000ec000000)
  from space 1024K, 100% used [0x00000000ec200000,0x00000000ec300000,0x00000000ec300000)
  to   space 2048K, 0% used [0x00000000ec000000,0x00000000ec000000,0x00000000ec200000)
 ParOldGen       total 68608K, used 30979K [0x00000000c0000000, 0x00000000c4300000, 0x00000000eab00000)
  object space 68608K, 45% used [0x00000000c0000000,0x00000000c1e40ff8,0x00000000c4300000)
 Metaspace       used 61967K, committed 63168K, reserved 1114112K
  class space    used 6627K, committed 7104K, reserved 1048576K
}
Event: 27.839 GC heap after
{Heap after GC invocations=30 (full 3):
 PSYoungGen      total 23552K, used 1733K [0x00000000eab00000, 0x00000000ec400000, 0x0000000100000000)
  eden space 21504K, 0% used [0x00000000eab00000,0x00000000eab00000,0x00000000ec000000)
  from space 2048K, 84% used [0x00000000ec000000,0x00000000ec1b1798,0x00000000ec200000)
  to   space 2048K, 0% used [0x00000000ec200000,0x00000000ec200000,0x00000000ec400000)
 ParOldGen       total 68608K, used 32020K [0x00000000c0000000, 0x00000000c4300000, 0x00000000eab00000)
  object space 68608K, 46% used [0x00000000c0000000,0x00000000c1f451a8,0x00000000c4300000)
 Metaspace       used 61967K, committed 63168K, reserved 1114112K
  class space    used 6627K, committed 7104K, reserved 1048576K
}
Event: 28.114 GC heap before
{Heap before GC invocations=31 (full 3):
 PSYoungGen      total 23552K, used 23237K [0x00000000eab00000, 0x00000000ec400000, 0x0000000100000000)
  eden space 21504K, 100% used [0x00000000eab00000,0x00000000ec000000,0x00000000ec000000)
  from space 2048K, 84% used [0x00000000ec000000,0x00000000ec1b1798,0x00000000ec200000)
  to   space 2048K, 0% used [0x00000000ec200000,0x00000000ec200000,0x00000000ec400000)
 ParOldGen       total 68608K, used 32020K [0x00000000c0000000, 0x00000000c4300000, 0x00000000eab00000)
  object space 68608K, 46% used [0x00000000c0000000,0x00000000c1f451a8,0x00000000c4300000)
 Metaspace       used 61968K, committed 63168K, reserved 1114112K
  class space    used 6627K, committed 7104K, reserved 1048576K
}
Event: 28.117 GC heap after
{Heap after GC invocations=31 (full 3):
 PSYoungGen      total 23040K, used 1995K [0x00000000eab00000, 0x00000000ec500000, 0x0000000100000000)
  eden space 20992K, 0% used [0x00000000eab00000,0x00000000eab00000,0x00000000ebf80000)
  from space 2048K, 97% used [0x00000000ec200000,0x00000000ec3f2f00,0x00000000ec400000)
  to   space 2560K, 0% used [0x00000000ebf80000,0x00000000ebf80000,0x00000000ec200000)
 ParOldGen       total 68608K, used 33724K [0x00000000c0000000, 0x00000000c4300000, 0x00000000eab00000)
  object space 68608K, 49% used [0x00000000c0000000,0x00000000c20ef368,0x00000000c4300000)
 Metaspace       used 61968K, committed 63168K, reserved 1114112K
  class space    used 6627K, committed 7104K, reserved 1048576K
}
Event: 28.272 GC heap before
{Heap before GC invocations=32 (full 3):
 PSYoungGen      total 23040K, used 22987K [0x00000000eab00000, 0x00000000ec500000, 0x0000000100000000)
  eden space 20992K, 100% used [0x00000000eab00000,0x00000000ebf80000,0x00000000ebf80000)
  from space 2048K, 97% used [0x00000000ec200000,0x00000000ec3f2f00,0x00000000ec400000)
  to   space 2560K, 0% used [0x00000000ebf80000,0x00000000ebf80000,0x00000000ec200000)
 ParOldGen       total 68608K, used 33724K [0x00000000c0000000, 0x00000000c4300000, 0x00000000eab00000)
  object space 68608K, 49% used [0x00000000c0000000,0x00000000c20ef368,0x00000000c4300000)
 Metaspace       used 61969K, committed 63168K, reserved 1114112K
  class space    used 6627K, committed 7104K, reserved 1048576K
}
Event: 28.274 GC heap after
{Heap after GC invocations=32 (full 3):
 PSYoungGen      total 21504K, used 512K [0x00000000eab00000, 0x00000000ec280000, 0x0000000100000000)
  eden space 20992K, 0% used [0x00000000eab00000,0x00000000eab00000,0x00000000ebf80000)
  from space 512K, 100% used [0x00000000ebf80000,0x00000000ec000000,0x00000000ec000000)
  to   space 1536K, 0% used [0x00000000ec100000,0x00000000ec100000,0x00000000ec280000)
 ParOldGen       total 68608K, used 35651K [0x00000000c0000000, 0x00000000c4300000, 0x00000000eab00000)
  object space 68608K, 51% used [0x00000000c0000000,0x00000000c22d0da8,0x00000000c4300000)
 Metaspace       used 61969K, committed 63168K, reserved 1114112K
  class space    used 6627K, committed 7104K, reserved 1048576K
}
Event: 28.673 GC heap before
{Heap before GC invocations=33 (full 3):
 PSYoungGen      total 21504K, used 21504K [0x00000000eab00000, 0x00000000ec280000, 0x0000000100000000)
  eden space 20992K, 100% used [0x00000000eab00000,0x00000000ebf80000,0x00000000ebf80000)
  from space 512K, 100% used [0x00000000ebf80000,0x00000000ec000000,0x00000000ec000000)
  to   space 1536K, 0% used [0x00000000ec100000,0x00000000ec100000,0x00000000ec280000)
 ParOldGen       total 68608K, used 35651K [0x00000000c0000000, 0x00000000c4300000, 0x00000000eab00000)
  object space 68608K, 51% used [0x00000000c0000000,0x00000000c22d0da8,0x00000000c4300000)
 Metaspace       used 62357K, committed 63616K, reserved 1114112K
  class space    used 6649K, committed 7168K, reserved 1048576K
}
Event: 28.678 GC heap after
{Heap after GC invocations=33 (full 3):
 PSYoungGen      total 22528K, used 1160K [0x00000000eab00000, 0x00000000ec280000, 0x0000000100000000)
  eden space 20992K, 0% used [0x00000000eab00000,0x00000000eab00000,0x00000000ebf80000)
  from space 1536K, 75% used [0x00000000ec100000,0x00000000ec2222d0,0x00000000ec280000)
  to   space 1536K, 0% used [0x00000000ebf80000,0x00000000ebf80000,0x00000000ec100000)
 ParOldGen       total 68608K, used 36155K [0x00000000c0000000, 0x00000000c4300000, 0x00000000eab00000)
  object space 68608K, 52% used [0x00000000c0000000,0x00000000c234eda8,0x00000000c4300000)
 Metaspace       used 62357K, committed 63616K, reserved 1114112K
  class space    used 6649K, committed 7168K, reserved 1048576K
}
Event: 28.823 GC heap before
{Heap before GC invocations=34 (full 3):
 PSYoungGen      total 22528K, used 22152K [0x00000000eab00000, 0x00000000ec280000, 0x0000000100000000)
  eden space 20992K, 100% used [0x00000000eab00000,0x00000000ebf80000,0x00000000ebf80000)
  from space 1536K, 75% used [0x00000000ec100000,0x00000000ec2222d0,0x00000000ec280000)
  to   space 1536K, 0% used [0x00000000ebf80000,0x00000000ebf80000,0x00000000ec100000)
 ParOldGen       total 68608K, used 36155K [0x00000000c0000000, 0x00000000c4300000, 0x00000000eab00000)
  object space 68608K, 52% used [0x00000000c0000000,0x00000000c234eda8,0x00000000c4300000)
 Metaspace       used 62433K, committed 63616K, reserved 1114112K
  class space    used 6657K, committed 7168K, reserved 1048576K
}
Event: 28.825 GC heap after
{Heap after GC invocations=34 (full 3):
 PSYoungGen      total 22528K, used 1456K [0x00000000eab00000, 0x00000000ec280000, 0x0000000100000000)
  eden space 20992K, 0% used [0x00000000eab00000,0x00000000eab00000,0x00000000ebf80000)
  from space 1536K, 94% used [0x00000000ebf80000,0x00000000ec0ec1e8,0x00000000ec100000)
  to   space 1536K, 0% used [0x00000000ec100000,0x00000000ec100000,0x00000000ec280000)
 ParOldGen       total 68608K, used 37169K [0x00000000c0000000, 0x00000000c4300000, 0x00000000eab00000)
  object space 68608K, 54% used [0x00000000c0000000,0x00000000c244c758,0x00000000c4300000)
 Metaspace       used 62433K, committed 63616K, reserved 1114112K
  class space    used 6657K, committed 7168K, reserved 1048576K
}
Event: 28.880 GC heap before
{Heap before GC invocations=35 (full 3):
 PSYoungGen      total 22528K, used 22448K [0x00000000eab00000, 0x00000000ec280000, 0x0000000100000000)
  eden space 20992K, 100% used [0x00000000eab00000,0x00000000ebf80000,0x00000000ebf80000)
  from space 1536K, 94% used [0x00000000ebf80000,0x00000000ec0ec1e8,0x00000000ec100000)
  to   space 1536K, 0% used [0x00000000ec100000,0x00000000ec100000,0x00000000ec280000)
 ParOldGen       total 68608K, used 37169K [0x00000000c0000000, 0x00000000c4300000, 0x00000000eab00000)
  object space 68608K, 54% used [0x00000000c0000000,0x00000000c244c758,0x00000000c4300000)
 Metaspace       used 62433K, committed 63616K, reserved 1114112K
  class space    used 6657K, committed 7168K, reserved 1048576K
}
Event: 28.883 GC heap after
{Heap after GC invocations=35 (full 3):
 PSYoungGen      total 22016K, used 550K [0x00000000eab00000, 0x00000000ec200000, 0x0000000100000000)
  eden space 20992K, 0% used [0x00000000eab00000,0x00000000eab00000,0x00000000ebf80000)
  from space 1024K, 53% used [0x00000000ec100000,0x00000000ec189ab8,0x00000000ec200000)
  to   space 1024K, 0% used [0x00000000ec000000,0x00000000ec000000,0x00000000ec100000)
 ParOldGen       total 68608K, used 38573K [0x00000000c0000000, 0x00000000c4300000, 0x00000000eab00000)
  object space 68608K, 56% used [0x00000000c0000000,0x00000000c25ab7b0,0x00000000c4300000)
 Metaspace       used 62433K, committed 63616K, reserved 1114112K
  class space    used 6657K, committed 7168K, reserved 1048576K
}
Event: 28.946 GC heap before
{Heap before GC invocations=36 (full 3):
 PSYoungGen      total 22016K, used 21542K [0x00000000eab00000, 0x00000000ec200000, 0x0000000100000000)
  eden space 20992K, 100% used [0x00000000eab00000,0x00000000ebf80000,0x00000000ebf80000)
  from space 1024K, 53% used [0x00000000ec100000,0x00000000ec189ab8,0x00000000ec200000)
  to   space 1024K, 0% used [0x00000000ec000000,0x00000000ec000000,0x00000000ec100000)
 ParOldGen       total 68608K, used 38573K [0x00000000c0000000, 0x00000000c4300000, 0x00000000eab00000)
  object space 68608K, 56% used [0x00000000c0000000,0x00000000c25ab7b0,0x00000000c4300000)
 Metaspace       used 62441K, committed 63616K, reserved 1114112K
  class space    used 6657K, committed 7168K, reserved 1048576K
}
Event: 28.947 GC heap after
{Heap after GC invocations=36 (full 3):
 PSYoungGen      total 21504K, used 496K [0x00000000eab00000, 0x00000000ec180000, 0x0000000100000000)
  eden space 20992K, 0% used [0x00000000eab00000,0x00000000eab00000,0x00000000ebf80000)
  from space 512K, 96% used [0x00000000ec000000,0x00000000ec07c228,0x00000000ec080000)
  to   space 1024K, 0% used [0x00000000ec080000,0x00000000ec080000,0x00000000ec180000)
 ParOldGen       total 68608K, used 39071K [0x00000000c0000000, 0x00000000c4300000, 0x00000000eab00000)
  object space 68608K, 56% used [0x00000000c0000000,0x00000000c2627df8,0x00000000c4300000)
 Metaspace       used 62441K, committed 63616K, reserved 1114112K
  class space    used 6657K, committed 7168K, reserved 1048576K
}

