# JRE version: OpenJDK Runtime Environment Temurin-17.0.11+9 (17.0.11+9) (build 17.0.11+9)
# Java VM: OpenJDK 64-Bit Server VM Temurin-17.0.11+9 (17.0.11+9, mixed mode, tiered, compressed oops, compressed class ptrs, parallel gc, windows-amd64)
GC Precious Log:
 CPUs: 4 total, 4 available
 Memory: 3902M
 Large Page Support: Disabled
 NUMA Support: Disabled
 Compressed Oops: Enabled (32-bit)
 Alignments: Space 512K, Generation 512K, Heap 2M
 Heap Min Capacity: 100M
 Heap Initial Capacity: 100M
 Heap Max Capacity: 1G
 Pre-touch: Disabled
 Parallel Workers: 4
Heap:
 PSYoungGen      total 22528K, used 20104K [0x00000000eab00000, 0x00000000ec280000, 0x0000000100000000)
  eden space 21504K, 90% used [0x00000000eab00000,0x00000000ebdeb8a0,0x00000000ec000000)
  from space 1024K, 71% used [0x00000000ec000000,0x00000000ec0b6ac0,0x00000000ec100000)
  to   space 1024K, 0% used [0x00000000ec180000,0x00000000ec180000,0x00000000ec280000)
 ParOldGen       total 68608K, used 26829K [0x00000000c0000000, 0x00000000c4300000, 0x00000000eab00000)
  object space 68608K, 39% used [0x00000000c0000000,0x00000000c1a337d0,0x00000000c4300000)
 Metaspace       used 45738K, committed 46528K, reserved 1114112K
  class space    used 4588K, committed 4928K, reserved 1048576K
GC Heap History (20 events):
Event: 14.480 GC heap before
{Heap before GC invocations=12 (full 2):
 PSYoungGen      total 26624K, used 23552K [0x00000000eab00000, 0x00000000ec900000, 0x0000000100000000)
  eden space 23552K, 100% used [0x00000000eab00000,0x00000000ec200000,0x00000000ec200000)
  from space 3072K, 0% used [0x00000000ec280000,0x00000000ec280000,0x00000000ec580000)
  to   space 3584K, 0% used [0x00000000ec580000,0x00000000ec580000,0x00000000ec900000)
 ParOldGen       total 68608K, used 13032K [0x00000000c0000000, 0x00000000c4300000, 0x00000000eab00000)
  object space 68608K, 18% used [0x00000000c0000000,0x00000000c0cba2a8,0x00000000c4300000)
 Metaspace       used 37961K, committed 38656K, reserved 1114112K
  class space    used 3819K, committed 4096K, reserved 1048576K
}
Event: 14.483 GC heap after
{Heap after GC invocations=12 (full 2):
 PSYoungGen      total 25088K, used 1775K [0x00000000eab00000, 0x00000000ec780000, 0x0000000100000000)
  eden space 23040K, 0% used [0x00000000eab00000,0x00000000eab00000,0x00000000ec180000)
  from space 2048K, 86% used [0x00000000ec580000,0x00000000ec73bcf0,0x00000000ec780000)
  to   space 2560K, 0% used [0x00000000ec280000,0x00000000ec280000,0x00000000ec500000)
 ParOldGen       total 68608K, used 13040K [0x00000000c0000000, 0x00000000c4300000, 0x00000000eab00000)
  object space 68608K, 19% used [0x00000000c0000000,0x00000000c0cbc2a8,0x00000000c4300000)
 Metaspace       used 37961K, committed 38656K, reserved 1114112K
  class space    used 3819K, committed 4096K, reserved 1048576K
}
Event: 15.130 GC heap before
{Heap before GC invocations=13 (full 2):
 PSYoungGen      total 25088K, used 24815K [0x00000000eab00000, 0x00000000ec780000, 0x0000000100000000)
  eden space 23040K, 100% used [0x00000000eab00000,0x00000000ec180000,0x00000000ec180000)
  from space 2048K, 86% used [0x00000000ec580000,0x00000000ec73bcf0,0x00000000ec780000)
  to   space 2560K, 0% used [0x00000000ec280000,0x00000000ec280000,0x00000000ec500000)
 ParOldGen       total 68608K, used 13040K [0x00000000c0000000, 0x00000000c4300000, 0x00000000eab00000)
  object space 68608K, 19% used [0x00000000c0000000,0x00000000c0cbc2a8,0x00000000c4300000)
 Metaspace       used 38078K, committed 38784K, reserved 1114112K
  class space    used 3826K, committed 4160K, reserved 1048576K
}
Event: 15.135 GC heap after
{Heap after GC invocations=13 (full 2):
 PSYoungGen      total 25088K, used 2304K [0x00000000eab00000, 0x00000000ec600000, 0x0000000100000000)
  eden space 22528K, 0% used [0x00000000eab00000,0x00000000eab00000,0x00000000ec100000)
  from space 2560K, 90% used [0x00000000ec280000,0x00000000ec4c0010,0x00000000ec500000)
  to   space 1024K, 0% used [0x00000000ec500000,0x00000000ec500000,0x00000000ec600000)
 ParOldGen       total 68608K, used 14734K [0x00000000c0000000, 0x00000000c4300000, 0x00000000eab00000)
  object space 68608K, 21% used [0x00000000c0000000,0x00000000c0e63938,0x00000000c4300000)
 Metaspace       used 38078K, committed 38784K, reserved 1114112K
  class space    used 3826K, committed 4160K, reserved 1048576K
}
Event: 15.914 GC heap before
{Heap before GC invocations=14 (full 2):
 PSYoungGen      total 25088K, used 24832K [0x00000000eab00000, 0x00000000ec600000, 0x0000000100000000)
  eden space 22528K, 100% used [0x00000000eab00000,0x00000000ec100000,0x00000000ec100000)
  from space 2560K, 90% used [0x00000000ec280000,0x00000000ec4c0010,0x00000000ec500000)
  to   space 1024K, 0% used [0x00000000ec500000,0x00000000ec500000,0x00000000ec600000)
 ParOldGen       total 68608K, used 14734K [0x00000000c0000000, 0x00000000c4300000, 0x00000000eab00000)
  object space 68608K, 21% used [0x00000000c0000000,0x00000000c0e63938,0x00000000c4300000)
 Metaspace       used 38624K, committed 39360K, reserved 1114112K
  class space    used 3897K, committed 4224K, reserved 1048576K
}
Event: 15.918 GC heap after
{Heap after GC invocations=14 (full 2):
 PSYoungGen      total 22528K, used 994K [0x00000000eab00000, 0x00000000eca80000, 0x0000000100000000)
  eden space 21504K, 0% used [0x00000000eab00000,0x00000000eab00000,0x00000000ec000000)
  from space 1024K, 97% used [0x00000000ec500000,0x00000000ec5f8ad0,0x00000000ec600000)
  to   space 5120K, 0% used [0x00000000ec000000,0x00000000ec000000,0x00000000ec500000)
 ParOldGen       total 68608K, used 17998K [0x00000000c0000000, 0x00000000c4300000, 0x00000000eab00000)
  object space 68608K, 26% used [0x00000000c0000000,0x00000000c1193be0,0x00000000c4300000)
 Metaspace       used 38624K, committed 39360K, reserved 1114112K
  class space    used 3897K, committed 4224K, reserved 1048576K
}
Event: 16.777 GC heap before
{Heap before GC invocations=15 (full 2):
 PSYoungGen      total 22528K, used 22456K [0x00000000eab00000, 0x00000000eca80000, 0x0000000100000000)
  eden space 21504K, 99% used [0x00000000eab00000,0x00000000ebff5668,0x00000000ec000000)
  from space 1024K, 97% used [0x00000000ec500000,0x00000000ec5f8ad0,0x00000000ec600000)
  to   space 5120K, 0% used [0x00000000ec000000,0x00000000ec000000,0x00000000ec500000)
 ParOldGen       total 68608K, used 17998K [0x00000000c0000000, 0x00000000c4300000, 0x00000000eab00000)
  object space 68608K, 26% used [0x00000000c0000000,0x00000000c1193be0,0x00000000c4300000)
 Metaspace       used 40802K, committed 41600K, reserved 1114112K
  class space    used 4123K, committed 4480K, reserved 1048576K
}
Event: 16.780 GC heap after
{Heap after GC invocations=15 (full 2):
 PSYoungGen      total 23040K, used 1041K [0x00000000eab00000, 0x00000000ec580000, 0x0000000100000000)
  eden space 21504K, 0% used [0x00000000eab00000,0x00000000eab00000,0x00000000ec000000)
  from space 1536K, 67% used [0x00000000ec000000,0x00000000ec1046a0,0x00000000ec180000)
  to   space 2560K, 0% used [0x00000000ec300000,0x00000000ec300000,0x00000000ec580000)
 ParOldGen       total 68608K, used 18968K [0x00000000c0000000, 0x00000000c4300000, 0x00000000eab00000)
  object space 68608K, 27% used [0x00000000c0000000,0x00000000c1286098,0x00000000c4300000)
 Metaspace       used 40802K, committed 41600K, reserved 1114112K
  class space    used 4123K, committed 4480K, reserved 1048576K
}
Event: 17.036 GC heap before
{Heap before GC invocations=16 (full 2):
 PSYoungGen      total 23040K, used 22545K [0x00000000eab00000, 0x00000000ec580000, 0x0000000100000000)
  eden space 21504K, 100% used [0x00000000eab00000,0x00000000ec000000,0x00000000ec000000)
  from space 1536K, 67% used [0x00000000ec000000,0x00000000ec1046a0,0x00000000ec180000)
  to   space 2560K, 0% used [0x00000000ec300000,0x00000000ec300000,0x00000000ec580000)
 ParOldGen       total 68608K, used 18968K [0x00000000c0000000, 0x00000000c4300000, 0x00000000eab00000)
  object space 68608K, 27% used [0x00000000c0000000,0x00000000c1286098,0x00000000c4300000)
 Metaspace       used 40934K, committed 41664K, reserved 1114112K
  class space    used 4139K, committed 4480K, reserved 1048576K
}
Event: 17.040 GC heap after
{Heap after GC invocations=16 (full 2):
 PSYoungGen      total 23552K, used 1824K [0x00000000eab00000, 0x00000000ec500000, 0x0000000100000000)
  eden space 21504K, 0% used [0x00000000eab00000,0x00000000eab00000,0x00000000ec000000)
  from space 2048K, 89% used [0x00000000ec300000,0x00000000ec4c8000,0x00000000ec500000)
  to   space 2048K, 0% used [0x00000000ec100000,0x00000000ec100000,0x00000000ec300000)
 ParOldGen       total 68608K, used 19930K [0x00000000c0000000, 0x00000000c4300000, 0x00000000eab00000)
  object space 68608K, 29% used [0x00000000c0000000,0x00000000c13769d0,0x00000000c4300000)
 Metaspace       used 40934K, committed 41664K, reserved 1114112K
  class space    used 4139K, committed 4480K, reserved 1048576K
}
Event: 17.076 GC heap before
{Heap before GC invocations=17 (full 2):
 PSYoungGen      total 23552K, used 23328K [0x00000000eab00000, 0x00000000ec500000, 0x0000000100000000)
  eden space 21504K, 100% used [0x00000000eab00000,0x00000000ec000000,0x00000000ec000000)
  from space 2048K, 89% used [0x00000000ec300000,0x00000000ec4c8000,0x00000000ec500000)
  to   space 2048K, 0% used [0x00000000ec100000,0x00000000ec100000,0x00000000ec300000)
 ParOldGen       total 68608K, used 19930K [0x00000000c0000000, 0x00000000c4300000, 0x00000000eab00000)
  object space 68608K, 29% used [0x00000000c0000000,0x00000000c13769d0,0x00000000c4300000)
 Metaspace       used 40963K, committed 41664K, reserved 1114112K
  class space    used 4151K, committed 4480K, reserved 1048576K
}
Event: 17.080 GC heap after
{Heap after GC invocations=17 (full 2):
 PSYoungGen      total 23552K, used 2048K [0x00000000eab00000, 0x00000000ec500000, 0x0000000100000000)
  eden space 21504K, 0% used [0x00000000eab00000,0x00000000eab00000,0x00000000ec000000)
  from space 2048K, 100% used [0x00000000ec100000,0x00000000ec300000,0x00000000ec300000)
  to   space 2048K, 0% used [0x00000000ec300000,0x00000000ec300000,0x00000000ec500000)
 ParOldGen       total 68608K, used 21695K [0x00000000c0000000, 0x00000000c4300000, 0x00000000eab00000)
  object space 68608K, 31% used [0x00000000c0000000,0x00000000c152fd28,0x00000000c4300000)
 Metaspace       used 40963K, committed 41664K, reserved 1114112K
  class space    used 4151K, committed 4480K, reserved 1048576K
}
Event: 17.176 GC heap before
{Heap before GC invocations=18 (full 2):
 PSYoungGen      total 23552K, used 23552K [0x00000000eab00000, 0x00000000ec500000, 0x0000000100000000)
  eden space 21504K, 100% used [0x00000000eab00000,0x00000000ec000000,0x00000000ec000000)
  from space 2048K, 100% used [0x00000000ec100000,0x00000000ec300000,0x00000000ec300000)
  to   space 2048K, 0% used [0x00000000ec300000,0x00000000ec300000,0x00000000ec500000)
 ParOldGen       total 68608K, used 21695K [0x00000000c0000000, 0x00000000c4300000, 0x00000000eab00000)
  object space 68608K, 31% used [0x00000000c0000000,0x00000000c152fd28,0x00000000c4300000)
 Metaspace       used 40997K, committed 41728K, reserved 1114112K
  class space    used 4166K, committed 4480K, reserved 1048576K
}
Event: 17.179 GC heap after
{Heap after GC invocations=18 (full 2):
 PSYoungGen      total 23552K, used 1824K [0x00000000eab00000, 0x00000000ec500000, 0x0000000100000000)
  eden space 21504K, 0% used [0x00000000eab00000,0x00000000eab00000,0x00000000ec000000)
  from space 2048K, 89% used [0x00000000ec300000,0x00000000ec4c8010,0x00000000ec500000)
  to   space 2048K, 0% used [0x00000000ec100000,0x00000000ec100000,0x00000000ec300000)
 ParOldGen       total 68608K, used 23671K [0x00000000c0000000, 0x00000000c4300000, 0x00000000eab00000)
  object space 68608K, 34% used [0x00000000c0000000,0x00000000c171dd28,0x00000000c4300000)
 Metaspace       used 40997K, committed 41728K, reserved 1114112K
  class space    used 4166K, committed 4480K, reserved 1048576K
}
Event: 17.890 GC heap before
{Heap before GC invocations=19 (full 2):
 PSYoungGen      total 23552K, used 23328K [0x00000000eab00000, 0x00000000ec500000, 0x0000000100000000)
  eden space 21504K, 100% used [0x00000000eab00000,0x00000000ec000000,0x00000000ec000000)
  from space 2048K, 89% used [0x00000000ec300000,0x00000000ec4c8010,0x00000000ec500000)
  to   space 2048K, 0% used [0x00000000ec100000,0x00000000ec100000,0x00000000ec300000)
 ParOldGen       total 68608K, used 23671K [0x00000000c0000000, 0x00000000c4300000, 0x00000000eab00000)
  object space 68608K, 34% used [0x00000000c0000000,0x00000000c171dd28,0x00000000c4300000)
 Metaspace       used 42548K, committed 43264K, reserved 1114112K
  class space    used 4291K, committed 4608K, reserved 1048576K
}
Event: 17.894 GC heap after
{Heap after GC invocations=19 (full 2):
 PSYoungGen      total 22528K, used 737K [0x00000000eab00000, 0x00000000ec380000, 0x0000000100000000)
  eden space 21504K, 0% used [0x00000000eab00000,0x00000000eab00000,0x00000000ec000000)
  from space 1024K, 72% used [0x00000000ec100000,0x00000000ec1b86d8,0x00000000ec200000)
  to   space 1536K, 0% used [0x00000000ec200000,0x00000000ec200000,0x00000000ec380000)
 ParOldGen       total 68608K, used 25471K [0x00000000c0000000, 0x00000000c4300000, 0x00000000eab00000)
  object space 68608K, 37% used [0x00000000c0000000,0x00000000c18dfd38,0x00000000c4300000)
 Metaspace       used 42548K, committed 43264K, reserved 1114112K
  class space    used 4291K, committed 4608K, reserved 1048576K
}
Event: 18.413 GC heap before
{Heap before GC invocations=20 (full 2):
 PSYoungGen      total 22528K, used 22241K [0x00000000eab00000, 0x00000000ec380000, 0x0000000100000000)
  eden space 21504K, 100% used [0x00000000eab00000,0x00000000ec000000,0x00000000ec000000)
  from space 1024K, 72% used [0x00000000ec100000,0x00000000ec1b86d8,0x00000000ec200000)
  to   space 1536K, 0% used [0x00000000ec200000,0x00000000ec200000,0x00000000ec380000)
 ParOldGen       total 68608K, used 25471K [0x00000000c0000000, 0x00000000c4300000, 0x00000000eab00000)
  object space 68608K, 37% used [0x00000000c0000000,0x00000000c18dfd38,0x00000000c4300000)
 Metaspace       used 43836K, committed 44672K, reserved 1114112K
  class space    used 4404K, committed 4736K, reserved 1048576K
}
Event: 18.415 GC heap after
{Heap after GC invocations=20 (full 2):
 PSYoungGen      total 23040K, used 1412K [0x00000000eab00000, 0x00000000ec400000, 0x0000000100000000)
  eden space 21504K, 0% used [0x00000000eab00000,0x00000000eab00000,0x00000000ec000000)
  from space 1536K, 91% used [0x00000000ec200000,0x00000000ec3611a0,0x00000000ec380000)
  to   space 2048K, 0% used [0x00000000ec000000,0x00000000ec000000,0x00000000ec200000)
 ParOldGen       total 68608K, used 25959K [0x00000000c0000000, 0x00000000c4300000, 0x00000000eab00000)
  object space 68608K, 37% used [0x00000000c0000000,0x00000000c1959d38,0x00000000c4300000)
 Metaspace       used 43836K, committed 44672K, reserved 1114112K
  class space    used 4404K, committed 4736K, reserved 1048576K
}
Event: 18.533 GC heap before
{Heap before GC invocations=21 (full 2):
 PSYoungGen      total 23040K, used 22916K [0x00000000eab00000, 0x00000000ec400000, 0x0000000100000000)
  eden space 21504K, 100% used [0x00000000eab00000,0x00000000ec000000,0x00000000ec000000)
  from space 1536K, 91% used [0x00000000ec200000,0x00000000ec3611a0,0x00000000ec380000)
  to   space 2048K, 0% used [0x00000000ec000000,0x00000000ec000000,0x00000000ec200000)
 ParOldGen       total 68608K, used 25959K [0x00000000c0000000, 0x00000000c4300000, 0x00000000eab00000)
  object space 68608K, 37% used [0x00000000c0000000,0x00000000c1959d38,0x00000000c4300000)
 Metaspace       used 43857K, committed 44672K, reserved 1114112K
  class space    used 4404K, committed 4736K, reserved 1048576K
}
Event: 18.534 GC heap after
{Heap after GC invocations=21 (full 2):
 PSYoungGen      total 22528K, used 730K [0x00000000eab00000, 0x00000000ec280000, 0x0000000100000000)
  eden space 21504K, 0% used [0x00000000eab00000,0x00000000eab00000,0x00000000ec000000)
  from space 1024K, 71% used [0x00000000ec000000,0x00000000ec0b6ac0,0x00000000ec100000)
  to   space 1024K, 0% used [0x00000000ec180000,0x00000000ec180000,0x00000000ec280000)
 ParOldGen       total 68608K, used 26829K [0x00000000c0000000, 0x00000000c4300000, 0x00000000eab00000)
  object space 68608K, 39% used [0x00000000c0000000,0x00000000c1a337d0,0x00000000c4300000)
 Metaspace       used 43857K, committed 44672K, reserved 1114112K
  class space    used 4404K, committed 4736K, reserved 1048576K
}

