# JRE version: OpenJDK Runtime Environment Temurin-17.0.11+9 (17.0.11+9) (build 17.0.11+9)
# Java VM: OpenJDK 64-Bit Server VM Temurin-17.0.11+9 (17.0.11+9, mixed mode, emulated-client, tiered, compressed oops, compressed class ptrs, g1 gc, windows-amd64)
GC Precious Log:
 CPUs: 4 total, 4 available
 Memory: 3902M
 Large Page Support: Disabled
 NUMA Support: Disabled
 Compressed Oops: Enabled (32-bit)
 Heap Region Size: 1M
 Heap Min Capacity: 8M
 Heap Initial Capacity: 62M
 Heap Max Capacity: 1G
 Pre-touch: Disabled
 Parallel Workers: 4
 Concurrent Workers: 1
 Concurrent Refinement Workers: 4
 Periodic GC: Disabled
Heap:
 garbage-first heap   total 76800K, used 25158K [0x00000000c0000000, 0x0000000100000000)
  region size 1024K, 1 young (1024K), 0 survivors (0K)
 Metaspace       used 39619K, committed 39936K, reserved 1114112K
  class space    used 5264K, committed 5440K, reserved 1048576K
GC Heap History (20 events):
Event: 24895.735 GC heap before
{Heap before GC invocations=1191 (full 1172):
 garbage-first heap   total 76800K, used 25144K [0x00000000c0000000, 0x0000000100000000)
  region size 1024K, 1 young (1024K), 0 survivors (0K)
 Metaspace       used 39595K, committed 39936K, reserved 1114112K
  class space    used 5260K, committed 5440K, reserved 1048576K
}
Event: 24895.763 GC heap after
{Heap after GC invocations=1192 (full 1173):
 garbage-first heap   total 76800K, used 25144K [0x00000000c0000000, 0x0000000100000000)
  region size 1024K, 0 young (0K), 0 survivors (0K)
 Metaspace       used 39595K, committed 39936K, reserved 1114112K
  class space    used 5260K, committed 5440K, reserved 1048576K
}
Event: 24906.636 GC heap before
{Heap before GC invocations=1192 (full 1173):
 garbage-first heap   total 76800K, used 25144K [0x00000000c0000000, 0x0000000100000000)
  region size 1024K, 1 young (1024K), 0 survivors (0K)
 Metaspace       used 39595K, committed 39936K, reserved 1114112K
  class space    used 5260K, committed 5440K, reserved 1048576K
}
Event: 24906.663 GC heap after
{Heap after GC invocations=1193 (full 1174):
 garbage-first heap   total 76800K, used 25144K [0x00000000c0000000, 0x0000000100000000)
  region size 1024K, 0 young (0K), 0 survivors (0K)
 Metaspace       used 39595K, committed 39936K, reserved 1114112K
  class space    used 5260K, committed 5440K, reserved 1048576K
}
Event: 24919.566 GC heap before
{Heap before GC invocations=1193 (full 1174):
 garbage-first heap   total 76800K, used 25144K [0x00000000c0000000, 0x0000000100000000)
  region size 1024K, 1 young (1024K), 0 survivors (0K)
 Metaspace       used 39595K, committed 39936K, reserved 1114112K
  class space    used 5260K, committed 5440K, reserved 1048576K
}
Event: 24919.702 GC heap after
{Heap after GC invocations=1194 (full 1175):
 garbage-first heap   total 76800K, used 25144K [0x00000000c0000000, 0x0000000100000000)
  region size 1024K, 0 young (0K), 0 survivors (0K)
 Metaspace       used 39595K, committed 39936K, reserved 1114112K
  class space    used 5260K, committed 5440K, reserved 1048576K
}
Event: 24933.523 GC heap before
{Heap before GC invocations=1194 (full 1175):
 garbage-first heap   total 76800K, used 25144K [0x00000000c0000000, 0x0000000100000000)
  region size 1024K, 1 young (1024K), 0 survivors (0K)
 Metaspace       used 39595K, committed 39936K, reserved 1114112K
  class space    used 5260K, committed 5440K, reserved 1048576K
}
Event: 24933.768 GC heap after
{Heap after GC invocations=1195 (full 1176):
 garbage-first heap   total 76800K, used 25144K [0x00000000c0000000, 0x0000000100000000)
  region size 1024K, 0 young (0K), 0 survivors (0K)
 Metaspace       used 39595K, committed 39936K, reserved 1114112K
  class space    used 5260K, committed 5440K, reserved 1048576K
}
Event: 24948.508 GC heap before
{Heap before GC invocations=1195 (full 1176):
 garbage-first heap   total 76800K, used 25144K [0x00000000c0000000, 0x0000000100000000)
  region size 1024K, 1 young (1024K), 0 survivors (0K)
 Metaspace       used 39595K, committed 39936K, reserved 1114112K
  class space    used 5260K, committed 5440K, reserved 1048576K
}
Event: 24948.678 GC heap after
{Heap after GC invocations=1196 (full 1177):
 garbage-first heap   total 76800K, used 25144K [0x00000000c0000000, 0x0000000100000000)
  region size 1024K, 0 young (0K), 0 survivors (0K)
 Metaspace       used 39595K, committed 39936K, reserved 1114112K
  class space    used 5260K, committed 5440K, reserved 1048576K
}
Event: 24963.452 GC heap before
{Heap before GC invocations=1196 (full 1177):
 garbage-first heap   total 76800K, used 25144K [0x00000000c0000000, 0x0000000100000000)
  region size 1024K, 1 young (1024K), 0 survivors (0K)
 Metaspace       used 39595K, committed 39936K, reserved 1114112K
  class space    used 5260K, committed 5440K, reserved 1048576K
}
Event: 24963.649 GC heap after
{Heap after GC invocations=1197 (full 1178):
 garbage-first heap   total 76800K, used 25144K [0x00000000c0000000, 0x0000000100000000)
  region size 1024K, 0 young (0K), 0 survivors (0K)
 Metaspace       used 39595K, committed 39936K, reserved 1114112K
  class space    used 5260K, committed 5440K, reserved 1048576K
}
Event: 24985.459 GC heap before
{Heap before GC invocations=1197 (full 1178):
 garbage-first heap   total 76800K, used 25144K [0x00000000c0000000, 0x0000000100000000)
  region size 1024K, 1 young (1024K), 0 survivors (0K)
 Metaspace       used 39619K, committed 39936K, reserved 1114112K
  class space    used 5264K, committed 5440K, reserved 1048576K
}
Event: 24985.867 GC heap after
{Heap after GC invocations=1198 (full 1179):
 garbage-first heap   total 76800K, used 25158K [0x00000000c0000000, 0x0000000100000000)
  region size 1024K, 0 young (0K), 0 survivors (0K)
 Metaspace       used 39619K, committed 39936K, reserved 1114112K
  class space    used 5264K, committed 5440K, reserved 1048576K
}
Event: 24996.259 GC heap before
{Heap before GC invocations=1198 (full 1179):
 garbage-first heap   total 76800K, used 25158K [0x00000000c0000000, 0x0000000100000000)
  region size 1024K, 1 young (1024K), 0 survivors (0K)
 Metaspace       used 39619K, committed 39936K, reserved 1114112K
  class space    used 5264K, committed 5440K, reserved 1048576K
}
Event: 24996.488 GC heap after
{Heap after GC invocations=1199 (full 1180):
 garbage-first heap   total 76800K, used 25158K [0x00000000c0000000, 0x0000000100000000)
  region size 1024K, 0 young (0K), 0 survivors (0K)
 Metaspace       used 39619K, committed 39936K, reserved 1114112K
  class space    used 5264K, committed 5440K, reserved 1048576K
}
Event: 25006.775 GC heap before
{Heap before GC invocations=1199 (full 1180):
 garbage-first heap   total 76800K, used 25158K [0x00000000c0000000, 0x0000000100000000)
  region size 1024K, 1 young (1024K), 0 survivors (0K)
 Metaspace       used 39619K, committed 39936K, reserved 1114112K
  class space    used 5264K, committed 5440K, reserved 1048576K
}
Event: 25006.805 GC heap after
{Heap after GC invocations=1200 (full 1181):
 garbage-first heap   total 76800K, used 25158K [0x00000000c0000000, 0x0000000100000000)
  region size 1024K, 0 young (0K), 0 survivors (0K)
 Metaspace       used 39619K, committed 39936K, reserved 1114112K
  class space    used 5264K, committed 5440K, reserved 1048576K
}
Event: 25019.150 GC heap before
{Heap before GC invocations=1200 (full 1181):
 garbage-first heap   total 76800K, used 25158K [0x00000000c0000000, 0x0000000100000000)
  region size 1024K, 1 young (1024K), 0 survivors (0K)
 Metaspace       used 39619K, committed 39936K, reserved 1114112K
  class space    used 5264K, committed 5440K, reserved 1048576K
}
Event: 25019.471 GC heap after
{Heap after GC invocations=1201 (full 1182):
 garbage-first heap   total 76800K, used 25158K [0x00000000c0000000, 0x0000000100000000)
  region size 1024K, 0 young (0K), 0 survivors (0K)
 Metaspace       used 39619K, committed 39936K, reserved 1114112K
  class space    used 5264K, committed 5440K, reserved 1048576K
}

