# JRE version: OpenJDK Runtime Environment Temurin-17.0.11+9 (17.0.11+9) (build 17.0.11+9)
# Java VM: OpenJDK 64-Bit Server VM Temurin-17.0.11+9 (17.0.11+9, mixed mode, tiered, compressed oops, compressed class ptrs, parallel gc, windows-amd64)
GC Precious Log:
 CPUs: 4 total, 4 available
 Memory: 3902M
 Large Page Support: Disabled
 NUMA Support: Disabled
 Compressed Oops: Enabled (32-bit)
 Alignments: Space 512K, Generation 512K, Heap 2M
 Heap Min Capacity: 100M
 Heap Initial Capacity: 100M
 Heap Max Capacity: 1G
 Pre-touch: Disabled
 Parallel Workers: 4
Heap:
 PSYoungGen      total 22016K, used 19778K [0x00000000eab00000, 0x00000000ec280000, 0x0000000100000000)
  eden space 21504K, 91% used [0x00000000eab00000,0x00000000ebe50bf0,0x00000000ec000000)
  from space 512K, 0% used [0x00000000ec200000,0x00000000ec200000,0x00000000ec280000)
  to   space 1024K, 0% used [0x00000000ec080000,0x00000000ec080000,0x00000000ec180000)
 ParOldGen       total 68608K, used 33706K [0x00000000c0000000, 0x00000000c4300000, 0x00000000eab00000)
  object space 68608K, 49% used [0x00000000c0000000,0x00000000c20eab18,0x00000000c4300000)
 Metaspace       used 59290K, committed 60416K, reserved 1114112K
  class space    used 6342K, committed 6784K, reserved 1048576K
GC Heap History (20 events):
Event: 14.794 GC heap before
{Heap before GC invocations=20 (full 2):
 PSYoungGen      total 23552K, used 23520K [0x00000000eab00000, 0x00000000ec580000, 0x0000000100000000)
  eden space 22016K, 100% used [0x00000000eab00000,0x00000000ec080000,0x00000000ec080000)
  from space 1536K, 97% used [0x00000000ec280000,0x00000000ec3f8020,0x00000000ec400000)
  to   space 1536K, 0% used [0x00000000ec400000,0x00000000ec400000,0x00000000ec580000)
 ParOldGen       total 68608K, used 20628K [0x00000000c0000000, 0x00000000c4300000, 0x00000000eab00000)
  object space 68608K, 30% used [0x00000000c0000000,0x00000000c14253f0,0x00000000c4300000)
 Metaspace       used 51137K, committed 52224K, reserved 1114112K
  class space    used 5455K, committed 5888K, reserved 1048576K
}
Event: 14.798 GC heap after
{Heap after GC invocations=20 (full 2):
 PSYoungGen      total 23040K, used 1532K [0x00000000eab00000, 0x00000000ec880000, 0x0000000100000000)
  eden space 21504K, 0% used [0x00000000eab00000,0x00000000eab00000,0x00000000ec000000)
  from space 1536K, 99% used [0x00000000ec400000,0x00000000ec57f290,0x00000000ec580000)
  to   space 4096K, 0% used [0x00000000ec000000,0x00000000ec000000,0x00000000ec400000)
 ParOldGen       total 68608K, used 22475K [0x00000000c0000000, 0x00000000c4300000, 0x00000000eab00000)
  object space 68608K, 32% used [0x00000000c0000000,0x00000000c15f2df0,0x00000000c4300000)
 Metaspace       used 51137K, committed 52224K, reserved 1114112K
  class space    used 5455K, committed 5888K, reserved 1048576K
}
Event: 14.986 GC heap before
{Heap before GC invocations=21 (full 2):
 PSYoungGen      total 23040K, used 23036K [0x00000000eab00000, 0x00000000ec880000, 0x0000000100000000)
  eden space 21504K, 100% used [0x00000000eab00000,0x00000000ec000000,0x00000000ec000000)
  from space 1536K, 99% used [0x00000000ec400000,0x00000000ec57f290,0x00000000ec580000)
  to   space 4096K, 0% used [0x00000000ec000000,0x00000000ec000000,0x00000000ec400000)
 ParOldGen       total 68608K, used 22475K [0x00000000c0000000, 0x00000000c4300000, 0x00000000eab00000)
  object space 68608K, 32% used [0x00000000c0000000,0x00000000c15f2df0,0x00000000c4300000)
 Metaspace       used 51994K, committed 53120K, reserved 1114112K
  class space    used 5550K, committed 6016K, reserved 1048576K
}
Event: 14.990 GC heap after
{Heap after GC invocations=21 (full 2):
 PSYoungGen      total 24576K, used 2701K [0x00000000eab00000, 0x00000000ec600000, 0x0000000100000000)
  eden space 21504K, 0% used [0x00000000eab00000,0x00000000eab00000,0x00000000ec000000)
  from space 3072K, 87% used [0x00000000ec000000,0x00000000ec2a3790,0x00000000ec300000)
  to   space 3072K, 0% used [0x00000000ec300000,0x00000000ec300000,0x00000000ec600000)
 ParOldGen       total 68608K, used 24012K [0x00000000c0000000, 0x00000000c4300000, 0x00000000eab00000)
  object space 68608K, 34% used [0x00000000c0000000,0x00000000c17731d8,0x00000000c4300000)
 Metaspace       used 51994K, committed 53120K, reserved 1114112K
  class space    used 5550K, committed 6016K, reserved 1048576K
}
Event: 15.315 GC heap before
{Heap before GC invocations=22 (full 2):
 PSYoungGen      total 24576K, used 24205K [0x00000000eab00000, 0x00000000ec600000, 0x0000000100000000)
  eden space 21504K, 100% used [0x00000000eab00000,0x00000000ec000000,0x00000000ec000000)
  from space 3072K, 87% used [0x00000000ec000000,0x00000000ec2a3790,0x00000000ec300000)
  to   space 3072K, 0% used [0x00000000ec300000,0x00000000ec300000,0x00000000ec600000)
 ParOldGen       total 68608K, used 24012K [0x00000000c0000000, 0x00000000c4300000, 0x00000000eab00000)
  object space 68608K, 34% used [0x00000000c0000000,0x00000000c17731d8,0x00000000c4300000)
 Metaspace       used 52686K, committed 53824K, reserved 1114112K
  class space    used 5627K, committed 6080K, reserved 1048576K
}
Event: 15.319 GC heap after
{Heap after GC invocations=22 (full 2):
 PSYoungGen      total 23552K, used 2032K [0x00000000eab00000, 0x00000000ec500000, 0x0000000100000000)
  eden space 21504K, 0% used [0x00000000eab00000,0x00000000eab00000,0x00000000ec000000)
  from space 2048K, 99% used [0x00000000ec300000,0x00000000ec4fc020,0x00000000ec500000)
  to   space 2560K, 0% used [0x00000000ec000000,0x00000000ec000000,0x00000000ec280000)
 ParOldGen       total 68608K, used 26560K [0x00000000c0000000, 0x00000000c4300000, 0x00000000eab00000)
  object space 68608K, 38% used [0x00000000c0000000,0x00000000c19f00d0,0x00000000c4300000)
 Metaspace       used 52686K, committed 53824K, reserved 1114112K
  class space    used 5627K, committed 6080K, reserved 1048576K
}
Event: 15.525 GC heap before
{Heap before GC invocations=23 (full 2):
 PSYoungGen      total 23552K, used 23536K [0x00000000eab00000, 0x00000000ec500000, 0x0000000100000000)
  eden space 21504K, 100% used [0x00000000eab00000,0x00000000ec000000,0x00000000ec000000)
  from space 2048K, 99% used [0x00000000ec300000,0x00000000ec4fc020,0x00000000ec500000)
  to   space 2560K, 0% used [0x00000000ec000000,0x00000000ec000000,0x00000000ec280000)
 ParOldGen       total 68608K, used 26560K [0x00000000c0000000, 0x00000000c4300000, 0x00000000eab00000)
  object space 68608K, 38% used [0x00000000c0000000,0x00000000c19f00d0,0x00000000c4300000)
 Metaspace       used 52969K, committed 54080K, reserved 1114112K
  class space    used 5652K, committed 6080K, reserved 1048576K
}
Event: 15.530 GC heap after
{Heap after GC invocations=23 (full 2):
 PSYoungGen      total 24064K, used 2392K [0x00000000eab00000, 0x00000000ec500000, 0x0000000100000000)
  eden space 21504K, 0% used [0x00000000eab00000,0x00000000eab00000,0x00000000ec000000)
  from space 2560K, 93% used [0x00000000ec000000,0x00000000ec2561a8,0x00000000ec280000)
  to   space 2560K, 0% used [0x00000000ec280000,0x00000000ec280000,0x00000000ec500000)
 ParOldGen       total 68608K, used 28480K [0x00000000c0000000, 0x00000000c4300000, 0x00000000eab00000)
  object space 68608K, 41% used [0x00000000c0000000,0x00000000c1bd00f0,0x00000000c4300000)
 Metaspace       used 52969K, committed 54080K, reserved 1114112K
  class space    used 5652K, committed 6080K, reserved 1048576K
}
Event: 15.621 GC heap before
{Heap before GC invocations=24 (full 2):
 PSYoungGen      total 24064K, used 23896K [0x00000000eab00000, 0x00000000ec500000, 0x0000000100000000)
  eden space 21504K, 100% used [0x00000000eab00000,0x00000000ec000000,0x00000000ec000000)
  from space 2560K, 93% used [0x00000000ec000000,0x00000000ec2561a8,0x00000000ec280000)
  to   space 2560K, 0% used [0x00000000ec280000,0x00000000ec280000,0x00000000ec500000)
 ParOldGen       total 68608K, used 28480K [0x00000000c0000000, 0x00000000c4300000, 0x00000000eab00000)
  object space 68608K, 41% used [0x00000000c0000000,0x00000000c1bd00f0,0x00000000c4300000)
 Metaspace       used 53123K, committed 54272K, reserved 1114112K
  class space    used 5679K, committed 6144K, reserved 1048576K
}
Event: 15.627 GC heap after
{Heap after GC invocations=24 (full 2):
 PSYoungGen      total 24064K, used 2112K [0x00000000eab00000, 0x00000000ec500000, 0x0000000100000000)
  eden space 21504K, 0% used [0x00000000eab00000,0x00000000eab00000,0x00000000ec000000)
  from space 2560K, 82% used [0x00000000ec280000,0x00000000ec490000,0x00000000ec500000)
  to   space 2560K, 0% used [0x00000000ec000000,0x00000000ec000000,0x00000000ec280000)
 ParOldGen       total 68608K, used 30840K [0x00000000c0000000, 0x00000000c4300000, 0x00000000eab00000)
  object space 68608K, 44% used [0x00000000c0000000,0x00000000c1e1e1c0,0x00000000c4300000)
 Metaspace       used 53123K, committed 54272K, reserved 1114112K
  class space    used 5679K, committed 6144K, reserved 1048576K
}
Event: 15.812 GC heap before
{Heap before GC invocations=25 (full 2):
 PSYoungGen      total 24064K, used 23616K [0x00000000eab00000, 0x00000000ec500000, 0x0000000100000000)
  eden space 21504K, 100% used [0x00000000eab00000,0x00000000ec000000,0x00000000ec000000)
  from space 2560K, 82% used [0x00000000ec280000,0x00000000ec490000,0x00000000ec500000)
  to   space 2560K, 0% used [0x00000000ec000000,0x00000000ec000000,0x00000000ec280000)
 ParOldGen       total 68608K, used 30840K [0x00000000c0000000, 0x00000000c4300000, 0x00000000eab00000)
  object space 68608K, 44% used [0x00000000c0000000,0x00000000c1e1e1c0,0x00000000c4300000)
 Metaspace       used 53335K, committed 54464K, reserved 1114112K
  class space    used 5709K, committed 6144K, reserved 1048576K
}
Event: 15.818 GC heap after
{Heap after GC invocations=25 (full 2):
 PSYoungGen      total 24064K, used 2016K [0x00000000eab00000, 0x00000000ec500000, 0x0000000100000000)
  eden space 21504K, 0% used [0x00000000eab00000,0x00000000eab00000,0x00000000ec000000)
  from space 2560K, 78% used [0x00000000ec000000,0x00000000ec1f8010,0x00000000ec280000)
  to   space 2560K, 0% used [0x00000000ec280000,0x00000000ec280000,0x00000000ec500000)
 ParOldGen       total 68608K, used 32912K [0x00000000c0000000, 0x00000000c4300000, 0x00000000eab00000)
  object space 68608K, 47% used [0x00000000c0000000,0x00000000c20241c0,0x00000000c4300000)
 Metaspace       used 53335K, committed 54464K, reserved 1114112K
  class space    used 5709K, committed 6144K, reserved 1048576K
}
Event: 16.580 GC heap before
{Heap before GC invocations=26 (full 2):
 PSYoungGen      total 24064K, used 23486K [0x00000000eab00000, 0x00000000ec500000, 0x0000000100000000)
  eden space 21504K, 99% used [0x00000000eab00000,0x00000000ebff7a40,0x00000000ec000000)
  from space 2560K, 78% used [0x00000000ec000000,0x00000000ec1f8010,0x00000000ec280000)
  to   space 2560K, 0% used [0x00000000ec280000,0x00000000ec280000,0x00000000ec500000)
 ParOldGen       total 68608K, used 32912K [0x00000000c0000000, 0x00000000c4300000, 0x00000000eab00000)
  object space 68608K, 47% used [0x00000000c0000000,0x00000000c20241c0,0x00000000c4300000)
 Metaspace       used 55231K, committed 56384K, reserved 1114112K
  class space    used 5939K, committed 6400K, reserved 1048576K
}
Event: 16.585 GC heap after
{Heap after GC invocations=26 (full 2):
 PSYoungGen      total 23040K, used 1168K [0x00000000eab00000, 0x00000000ec400000, 0x0000000100000000)
  eden space 21504K, 0% used [0x00000000eab00000,0x00000000eab00000,0x00000000ec000000)
  from space 1536K, 76% used [0x00000000ec280000,0x00000000ec3a4220,0x00000000ec400000)
  to   space 1536K, 0% used [0x00000000ec100000,0x00000000ec100000,0x00000000ec280000)
 ParOldGen       total 68608K, used 34864K [0x00000000c0000000, 0x00000000c4300000, 0x00000000eab00000)
  object space 68608K, 50% used [0x00000000c0000000,0x00000000c220c1d0,0x00000000c4300000)
 Metaspace       used 55231K, committed 56384K, reserved 1114112K
  class space    used 5939K, committed 6400K, reserved 1048576K
}
Event: 18.005 GC heap before
{Heap before GC invocations=27 (full 2):
 PSYoungGen      total 23040K, used 22637K [0x00000000eab00000, 0x00000000ec400000, 0x0000000100000000)
  eden space 21504K, 99% used [0x00000000eab00000,0x00000000ebff74d0,0x00000000ec000000)
  from space 1536K, 76% used [0x00000000ec280000,0x00000000ec3a4220,0x00000000ec400000)
  to   space 1536K, 0% used [0x00000000ec100000,0x00000000ec100000,0x00000000ec280000)
 ParOldGen       total 68608K, used 34864K [0x00000000c0000000, 0x00000000c4300000, 0x00000000eab00000)
  object space 68608K, 50% used [0x00000000c0000000,0x00000000c220c1d0,0x00000000c4300000)
 Metaspace       used 57769K, committed 58944K, reserved 1114112K
  class space    used 6189K, committed 6656K, reserved 1048576K
}
Event: 18.008 GC heap after
{Heap after GC invocations=27 (full 2):
 PSYoungGen      total 22528K, used 833K [0x00000000eab00000, 0x00000000ec300000, 0x0000000100000000)
  eden space 21504K, 0% used [0x00000000eab00000,0x00000000eab00000,0x00000000ec000000)
  from space 1024K, 81% used [0x00000000ec100000,0x00000000ec1d06d8,0x00000000ec200000)
  to   space 1024K, 0% used [0x00000000ec200000,0x00000000ec200000,0x00000000ec300000)
 ParOldGen       total 68608K, used 35872K [0x00000000c0000000, 0x00000000c4300000, 0x00000000eab00000)
  object space 68608K, 52% used [0x00000000c0000000,0x00000000c2308308,0x00000000c4300000)
 Metaspace       used 57769K, committed 58944K, reserved 1114112K
  class space    used 6189K, committed 6656K, reserved 1048576K
}
Event: 18.798 GC heap before
{Heap before GC invocations=28 (full 2):
 PSYoungGen      total 22528K, used 18391K [0x00000000eab00000, 0x00000000ec300000, 0x0000000100000000)
  eden space 21504K, 81% used [0x00000000eab00000,0x00000000ebc25548,0x00000000ec000000)
  from space 1024K, 81% used [0x00000000ec100000,0x00000000ec1d06d8,0x00000000ec200000)
  to   space 1024K, 0% used [0x00000000ec200000,0x00000000ec200000,0x00000000ec300000)
 ParOldGen       total 68608K, used 35872K [0x00000000c0000000, 0x00000000c4300000, 0x00000000eab00000)
  object space 68608K, 52% used [0x00000000c0000000,0x00000000c2308308,0x00000000c4300000)
 Metaspace       used 58654K, committed 59776K, reserved 1114112K
  class space    used 6283K, committed 6720K, reserved 1048576K
}
Event: 18.800 GC heap after
{Heap after GC invocations=28 (full 2):
 PSYoungGen      total 22016K, used 448K [0x00000000eab00000, 0x00000000ec280000, 0x0000000100000000)
  eden space 21504K, 0% used [0x00000000eab00000,0x00000000eab00000,0x00000000ec000000)
  from space 512K, 87% used [0x00000000ec200000,0x00000000ec270020,0x00000000ec280000)
  to   space 1024K, 0% used [0x00000000ec080000,0x00000000ec080000,0x00000000ec180000)
 ParOldGen       total 68608K, used 36617K [0x00000000c0000000, 0x00000000c4300000, 0x00000000eab00000)
  object space 68608K, 53% used [0x00000000c0000000,0x00000000c23c2480,0x00000000c4300000)
 Metaspace       used 58654K, committed 59776K, reserved 1114112K
  class space    used 6283K, committed 6720K, reserved 1048576K
}
Event: 18.800 GC heap before
{Heap before GC invocations=29 (full 3):
 PSYoungGen      total 22016K, used 448K [0x00000000eab00000, 0x00000000ec280000, 0x0000000100000000)
  eden space 21504K, 0% used [0x00000000eab00000,0x00000000eab00000,0x00000000ec000000)
  from space 512K, 87% used [0x00000000ec200000,0x00000000ec270020,0x00000000ec280000)
  to   space 1024K, 0% used [0x00000000ec080000,0x00000000ec080000,0x00000000ec180000)
 ParOldGen       total 68608K, used 36617K [0x00000000c0000000, 0x00000000c4300000, 0x00000000eab00000)
  object space 68608K, 53% used [0x00000000c0000000,0x00000000c23c2480,0x00000000c4300000)
 Metaspace       used 58654K, committed 59776K, reserved 1114112K
  class space    used 6283K, committed 6720K, reserved 1048576K
}
Event: 18.904 GC heap after
{Heap after GC invocations=29 (full 3):
 PSYoungGen      total 22016K, used 0K [0x00000000eab00000, 0x00000000ec280000, 0x0000000100000000)
  eden space 21504K, 0% used [0x00000000eab00000,0x00000000eab00000,0x00000000ec000000)
  from space 512K, 0% used [0x00000000ec200000,0x00000000ec200000,0x00000000ec280000)
  to   space 1024K, 0% used [0x00000000ec080000,0x00000000ec080000,0x00000000ec180000)
 ParOldGen       total 68608K, used 33706K [0x00000000c0000000, 0x00000000c4300000, 0x00000000eab00000)
  object space 68608K, 49% used [0x00000000c0000000,0x00000000c20eab18,0x00000000c4300000)
 Metaspace       used 58654K, committed 59776K, reserved 1114112K
  class space    used 6283K, committed 6720K, reserved 1048576K
}

