# JRE version: Java(TM) SE Runtime Environment (17.0.11+7) (build 17.0.11+7-LTS-207)
# Java VM: Java HotSpot(TM) 64-Bit Server VM (17.0.11+7-LTS-207, mixed mode, sharing, tiered, compressed oops, compressed class ptrs, g1 gc, windows-amd64)
GC Precious Log:
 CPUs: 4 total, 4 available
 Memory: 3902M
 Large Page Support: Disabled
 NUMA Support: Disabled
 Compressed Oops: Enabled (32-bit)
 Heap Region Size: 1M
 Heap Min Capacity: 8M
 Heap Initial Capacity: 62M
 Heap Max Capacity: 976M
 Pre-touch: Disabled
 Parallel Workers: 4
 Concurrent Workers: 1
 Concurrent Refinement Workers: 4
 Periodic GC: Disabled
Heap:
 garbage-first heap   total 106496K, used 52884K [0x00000000c3000000, 0x0000000100000000)
  region size 1024K, 20 young (20480K), 4 survivors (4096K)
 Metaspace       used 89126K, committed 89856K, reserved 1179648K
  class space    used 11321K, committed 11712K, reserved 1048576K
GC Heap History (20 events):
Event: 7038.978 GC heap before
{Heap before GC invocations=45 (full 5):
 garbage-first heap   total 106496K, used 45637K [0x00000000c3000000, 0x0000000100000000)
  region size 1024K, 12 young (12288K), 6 survivors (6144K)
 Metaspace       used 87774K, committed 88448K, reserved 1179648K
  class space    used 11269K, committed 11584K, reserved 1048576K
}
Event: 7041.634 GC heap after
{Heap after GC invocations=46 (full 6):
 garbage-first heap   total 106496K, used 35001K [0x00000000c3000000, 0x0000000100000000)
  region size 1024K, 0 young (0K), 0 survivors (0K)
 Metaspace       used 87307K, committed 88384K, reserved 1179648K
  class space    used 11228K, committed 11584K, reserved 1048576K
}
Event: 7048.036 GC heap before
{Heap before GC invocations=46 (full 6):
 garbage-first heap   total 106496K, used 84153K [0x00000000c3000000, 0x0000000100000000)
  region size 1024K, 48 young (49152K), 0 survivors (0K)
 Metaspace       used 87538K, committed 88384K, reserved 1179648K
  class space    used 11245K, committed 11584K, reserved 1048576K
}
Event: 7048.062 GC heap after
{Heap after GC invocations=47 (full 6):
 garbage-first heap   total 106496K, used 38820K [0x00000000c3000000, 0x0000000100000000)
  region size 1024K, 4 young (4096K), 4 survivors (4096K)
 Metaspace       used 87538K, committed 88384K, reserved 1179648K
  class space    used 11245K, committed 11584K, reserved 1048576K
}
Event: 7095.072 GC heap before
{Heap before GC invocations=47 (full 6):
 garbage-first heap   total 106496K, used 74660K [0x00000000c3000000, 0x0000000100000000)
  region size 1024K, 41 young (41984K), 4 survivors (4096K)
 Metaspace       used 87962K, committed 88640K, reserved 1179648K
  class space    used 11265K, committed 11584K, reserved 1048576K
}
Event: 7097.143 GC heap after
{Heap after GC invocations=48 (full 7):
 garbage-first heap   total 106496K, used 34169K [0x00000000c3000000, 0x0000000100000000)
  region size 1024K, 0 young (0K), 0 survivors (0K)
 Metaspace       used 87522K, committed 88576K, reserved 1179648K
  class space    used 11229K, committed 11584K, reserved 1048576K
}
Event: 7102.300 GC heap before
{Heap before GC invocations=48 (full 7):
 garbage-first heap   total 106496K, used 84345K [0x00000000c3000000, 0x0000000100000000)
  region size 1024K, 48 young (49152K), 0 survivors (0K)
 Metaspace       used 87793K, committed 88640K, reserved 1179648K
  class space    used 11248K, committed 11584K, reserved 1048576K
}
Event: 7102.329 GC heap after
{Heap after GC invocations=49 (full 7):
 garbage-first heap   total 106496K, used 37986K [0x00000000c3000000, 0x0000000100000000)
  region size 1024K, 4 young (4096K), 4 survivors (4096K)
 Metaspace       used 87793K, committed 88640K, reserved 1179648K
  class space    used 11248K, committed 11584K, reserved 1048576K
}
Event: 7400.597 GC heap before
{Heap before GC invocations=49 (full 7):
 garbage-first heap   total 106496K, used 84066K [0x00000000c3000000, 0x0000000100000000)
  region size 1024K, 49 young (50176K), 4 survivors (4096K)
 Metaspace       used 88257K, committed 88960K, reserved 1179648K
  class space    used 11275K, committed 11648K, reserved 1048576K
}
Event: 7400.806 GC heap after
{Heap after GC invocations=50 (full 7):
 garbage-first heap   total 106496K, used 39974K [0x00000000c3000000, 0x0000000100000000)
  region size 1024K, 6 young (6144K), 6 survivors (6144K)
 Metaspace       used 88257K, committed 88960K, reserved 1179648K
  class space    used 11275K, committed 11648K, reserved 1048576K
}
Event: 8001.516 GC heap before
{Heap before GC invocations=50 (full 7):
 garbage-first heap   total 106496K, used 61478K [0x00000000c3000000, 0x0000000100000000)
  region size 1024K, 28 young (28672K), 6 survivors (6144K)
 Metaspace       used 88377K, committed 89152K, reserved 1179648K
  class space    used 11282K, committed 11648K, reserved 1048576K
}
Event: 8004.412 GC heap after
{Heap after GC invocations=51 (full 8):
 garbage-first heap   total 106496K, used 35200K [0x00000000c3000000, 0x0000000100000000)
  region size 1024K, 0 young (0K), 0 survivors (0K)
 Metaspace       used 87896K, committed 89088K, reserved 1179648K
  class space    used 11237K, committed 11648K, reserved 1048576K
}
Event: 8016.832 GC heap before
{Heap before GC invocations=51 (full 8):
 garbage-first heap   total 106496K, used 84352K [0x00000000c3000000, 0x0000000100000000)
  region size 1024K, 47 young (48128K), 0 survivors (0K)
 Metaspace       used 88094K, committed 89088K, reserved 1179648K
  class space    used 11252K, committed 11648K, reserved 1048576K
}
Event: 8016.870 GC heap after
{Heap after GC invocations=52 (full 8):
 garbage-first heap   total 106496K, used 39011K [0x00000000c3000000, 0x0000000100000000)
  region size 1024K, 4 young (4096K), 4 survivors (4096K)
 Metaspace       used 88094K, committed 89088K, reserved 1179648K
  class space    used 11252K, committed 11648K, reserved 1048576K
}
Event: 8274.517 GC heap before
{Heap before GC invocations=52 (full 8):
 garbage-first heap   total 106496K, used 83043K [0x00000000c3000000, 0x0000000100000000)
  region size 1024K, 48 young (49152K), 4 survivors (4096K)
 Metaspace       used 88541K, committed 89280K, reserved 1179648K
  class space    used 11274K, committed 11648K, reserved 1048576K
}
Event: 8274.947 GC heap after
{Heap after GC invocations=53 (full 8):
 garbage-first heap   total 106496K, used 41363K [0x00000000c3000000, 0x0000000100000000)
  region size 1024K, 4 young (4096K), 4 survivors (4096K)
 Metaspace       used 88541K, committed 89280K, reserved 1179648K
  class space    used 11274K, committed 11648K, reserved 1048576K
}
Event: 8518.847 GC heap before
{Heap before GC invocations=53 (full 8):
 garbage-first heap   total 106496K, used 50579K [0x00000000c3000000, 0x0000000100000000)
  region size 1024K, 14 young (14336K), 4 survivors (4096K)
 Metaspace       used 88622K, committed 89344K, reserved 1179648K
  class space    used 11280K, committed 11648K, reserved 1048576K
}
Event: 8520.858 GC heap after
{Heap after GC invocations=54 (full 9):
 garbage-first heap   total 106496K, used 34980K [0x00000000c3000000, 0x0000000100000000)
  region size 1024K, 0 young (0K), 0 survivors (0K)
 Metaspace       used 88616K, committed 89344K, reserved 1179648K
  class space    used 11279K, committed 11648K, reserved 1048576K
}
Event: 8527.788 GC heap before
{Heap before GC invocations=54 (full 9):
 garbage-first heap   total 106496K, used 83108K [0x00000000c3000000, 0x0000000100000000)
  region size 1024K, 47 young (48128K), 0 survivors (0K)
 Metaspace       used 88863K, committed 89600K, reserved 1179648K
  class space    used 11301K, committed 11648K, reserved 1048576K
}
Event: 8527.847 GC heap after
{Heap after GC invocations=55 (full 9):
 garbage-first heap   total 106496K, used 38548K [0x00000000c3000000, 0x0000000100000000)
  region size 1024K, 4 young (4096K), 4 survivors (4096K)
 Metaspace       used 88863K, committed 89600K, reserved 1179648K
  class space    used 11301K, committed 11648K, reserved 1048576K
}

